<Event xmlns='http://schemas.microsoft.com/win/2004/08/events/event'><System><Provider Name='Microsoft-Windows-Security-Auditing' Guid='{54849625-5478-4994-a5ba-3e3b0328c30d}'/><EventID>4624</EventID><Version>5</Version><Level>0</Level><Task>0</Task><Opcode>0</Opcode><Keywords>0x8000000000000000</Keywords><TimeCreated SystemTime='2026-09-29T10:50:00.0030000Z'/><EventRecordID>902351</EventRecordID><Correlation/><Execution ProcessID='4' ThreadID='1192'/><Channel>Security</Channel><Computer>DESKTOP-RW01</Computer><Security UserID='S-1-5-18'/></System><EventData><Data Name="SubjectUserSid">S-1-5-18</Data><Data Name="SubjectUserName">DESKTOP-RW01$</Data><Data Name="SubjectDomainName">WORKGROUP</Data><Data Name="SubjectLogonId">0x3e7</Data><Data Name="TargetUserSid">S-1-5-18</Data><Data Name="TargetUserName">SYSTEM</Data><Data Name="TargetDomainName">NT AUTHORITY</Data><Data Name="TargetLogonId">0x4f1c2</Data><Data Name="LogonType">5</Data><Data Name="LogonProcessName">Advapi</Data><Data Name="AuthenticationPackageName">Negotiate</Data><Data Name="WorkstationName">DESKTOP-RW01</Data><Data Name="ProcessId">0x5d4</Data><Data Name="ProcessName">C:\Windows\System32\svchost.exe</Data><Data Name="IpAddress">-</Data><Data Name="IpPort">0</Data></EventData></Event>
<Event xmlns='http://schemas.microsoft.com/win/2004/08/events/event'><System><Provider Name='Microsoft-Windows-Security-Auditing' Guid='{54849625-5478-4994-a5ba-3e3b0328c30d}'/><EventID>4624</EventID><Version>5</Version><Level>0</Level><Task>0</Task><Opcode>0</Opcode><Keywords>0x8000000000000000</Keywords><TimeCreated SystemTime='2026-09-29T11:00:00.0030000Z'/><EventRecordID>902352</EventRecordID><Correlation/><Execution ProcessID='4' ThreadID='1192'/><Channel>Security</Channel><Computer>DESKTOP-RW01</Computer><Security UserID='S-1-5-18'/></System><EventData><Data Name="SubjectUserSid">S-1-5-18</Data><Data Name="SubjectUserName">DESKTOP-RW01$</Data><Data Name="SubjectDomainName">WORKGROUP</Data><Data Name="SubjectLogonId">0x3e7</Data><Data Name="TargetUserSid">S-1-5-18</Data><Data Name="TargetUserName">SYSTEM</Data><Data Name="TargetDomainName">NT AUTHORITY</Data><Data Name="TargetLogonId">0x4f1c2</Data><Data Name="LogonType">5</Data><Data Name="LogonProcessName">Advapi</Data><Data Name="AuthenticationPackageName">Negotiate</Data><Data Name="WorkstationName">DESKTOP-RW01</Data><Data Name="ProcessId">0x5d4</Data><Data Name="ProcessName">C:\Windows\System32\svchost.exe</Data><Data Name="IpAddress">-</Data><Data Name="IpPort">0</Data></EventData></Event>
<Event xmlns='http://schemas.microsoft.com/win/2004/08/events/event'><System><Provider Name='Microsoft-Windows-Security-Auditing' Guid='{54849625-5478-4994-a5ba-3e3b0328c30d}'/><EventID>4672</EventID><Version>5</Version><Level>0</Level><Task>0</Task><Opcode>0</Opcode><Keywords>0x8000000000000000</Keywords><TimeCreated SystemTime='2026-09-29T11:00:00.0050000Z'/><EventRecordID>902353</EventRecordID><Correlation/><Execution ProcessID='4' ThreadID='1192'/><Channel>Security</Channel><Computer>DESKTOP-RW01</Computer><Security UserID='S-1-5-18'/></System><EventData><Data Name="SubjectUserSid">S-1-5-18</Data><Data Name="SubjectUserName">SYSTEM</Data><Data Name="SubjectDomainName">NT AUTHORITY</Data><Data Name="SubjectLogonId">0x3e7</Data><Data Name="PrivilegeList">SeAssignPrimaryTokenPrivilege
			SeTcbPrivilege</Data></EventData></Event>
<Event xmlns='http://schemas.microsoft.com/win/2004/08/events/event'><System><Provider Name='Microsoft-Windows-Security-Auditing' Guid='{54849625-5478-4994-a5ba-3e3b0328c30d}'/><EventID>4624</EventID><Version>5</Version><Level>0</Level><Task>0</Task><Opcode>0</Opcode><Keywords>0x8000000000000000</Keywords><TimeCreated SystemTime='2026-09-29T11:10:00.0030000Z'/><EventRecordID>902354</EventRecordID><Correlation/><Execution ProcessID='4' ThreadID='1192'/><Channel>Security</Channel><Computer>DESKTOP-RW01</Computer><Security UserID='S-1-5-18'/></System><EventData><Data Name="SubjectUserSid">S-1-5-18</Data><Data Name="SubjectUserName">DESKTOP-RW01$</Data><Data Name="SubjectDomainName">WORKGROUP</Data><Data Name="SubjectLogonId">0x3e7</Data><Data Name="TargetUserSid">S-1-5-18</Data><Data Name="TargetUserName">SYSTEM</Data><Data Name="TargetDomainName">NT AUTHORITY</Data><Data Name="TargetLogonId">0x4f1c2</Data><Data Name="LogonType">5</Data><Data Name="LogonProcessName">Advapi</Data><Data Name="AuthenticationPackageName">Negotiate</Data><Data Name="WorkstationName">DESKTOP-RW01</Data><Data Name="ProcessId">0x5d4</Data><Data Name="ProcessName">C:\Windows\System32\svchost.exe</Data><Data Name="IpAddress">-</Data><Data Name="IpPort">0</Data></EventData></Event>
<Event xmlns='http://schemas.microsoft.com/win/2004/08/events/event'><System><Provider Name='Microsoft-Windows-Security-Auditing' Guid='{54849625-5478-4994-a5ba-3e3b0328c30d}'/><EventID>4624</EventID><Version>5</Version><Level>0</Level><Task>0</Task><Opcode>0</Opcode><Keywords>0x8000000000000000</Keywords><TimeCreated SystemTime='2026-09-29T11:20:00.0030000Z'/><EventRecordID>902355</EventRecordID><Correlation/><Execution ProcessID='4' ThreadID='1192'/><Channel>Security</Channel><Computer>DESKTOP-RW01</Computer><Security UserID='S-1-5-18'/></System><EventData><Data Name="SubjectUserSid">S-1-5-18</Data><Data Name="SubjectUserName">DESKTOP-RW01$</Data><Data Name="SubjectDomainName">WORKGROUP</Data><Data Name="SubjectLogonId">0x3e7</Data><Data Name="TargetUserSid">S-1-5-18</Data><Data Name="TargetUserName">SYSTEM</Data><Data Name="TargetDomainName">NT AUTHORITY</Data><Data Name="TargetLogonId">0x4f1c2</Data><Data Name="LogonType">5</Data><Data Name="LogonProcessName">Advapi</Data><Data Name="AuthenticationPackageName">Negotiate</Data><Data Name="WorkstationName">DESKTOP-RW01</Data><Data Name="ProcessId">0x5d4</Data><Data Name="ProcessName">C:\Windows\System32\svchost.exe</Data><Data Name="IpAddress">-</Data><Data Name="IpPort">0</Data></EventData></Event>
<Event xmlns='http://schemas.microsoft.com/win/2004/08/events/event'><System><Provider Name='Microsoft-Windows-Security-Auditing' Guid='{54849625-5478-4994-a5ba-3e3b0328c30d}'/><EventID>4624</EventID><Version>5</Version><Level>0</Level><Task>0</Task><Opcode>0</Opcode><Keywords>0x8000000000000000</Keywords><TimeCreated SystemTime='2026-09-29T11:30:00.0030000Z'/><EventRecordID>902356</EventRecordID><Correlation/><Execution ProcessID='4' ThreadID='1192'/><Channel>Security</Channel><Computer>DESKTOP-RW01</Computer><Security UserID='S-1-5-18'/></System><EventData><Data Name="SubjectUserSid">S-1-5-18</Data><Data Name="SubjectUserName">DESKTOP-RW01$</Data><Data Name="SubjectDomainName">WORKGROUP</Data><Data Name="SubjectLogonId">0x3e7</Data><Data Name="TargetUserSid">S-1-5-18</Data><Data Name="TargetUserName">SYSTEM</Data><Data Name="TargetDomainName">NT AUTHORITY</Data><Data Name="TargetLogonId">0x4f1c2</Data><Data Name="LogonType">5</Data><Data Name="LogonProcessName">Advapi</Data><Data Name="AuthenticationPackageName">Negotiate</Data><Data Name="WorkstationName">DESKTOP-RW01</Data><Data Name="ProcessId">0x5d4</Data><Data Name="ProcessName">C:\Windows\System32\svchost.exe</Data><Data Name="IpAddress">-</Data><Data Name="IpPort">0</Data></EventData></Event>
<Event xmlns='http://schemas.microsoft.com/win/2004/08/events/event'><System><Provider Name='Microsoft-Windows-Security-Auditing' Guid='{54849625-5478-4994-a5ba-3e3b0328c30d}'/><EventID>4624</EventID><Version>5</Version><Level>0</Level><Task>0</Task><Opcode>0</Opcode><Keywords>0x8000000000000000</Keywords><TimeCreated SystemTime='2026-09-29T11:40:00.0030000Z'/><EventRecordID>902357</EventRecordID><Correlation/><Execution ProcessID='4' ThreadID='1192'/><Channel>Security</Channel><Computer>DESKTOP-RW01</Computer><Security UserID='S-1-5-18'/></System><EventData><Data Name="SubjectUserSid">S-1-5-18</Data><Data Name="SubjectUserName">DESKTOP-RW01$</Data><Data Name="SubjectDomainName">WORKGROUP</Data><Data Name="SubjectLogonId">0x3e7</Data><Data Name="TargetUserSid">S-1-5-18</Data><Data Name="TargetUserName">SYSTEM</Data><Data Name="TargetDomainName">NT AUTHORITY</Data><Data Name="TargetLogonId">0x4f1c2</Data><Data Name="LogonType">5</Data><Data Name="LogonProcessName">Advapi</Data><Data Name="AuthenticationPackageName">Negotiate</Data><Data Name="WorkstationName">DESKTOP-RW01</Data><Data Name="ProcessId">0x5d4</Data><Data Name="ProcessName">C:\Windows\System32\svchost.exe</Data><Data Name="IpAddress">-</Data><Data Name="IpPort">0</Data></EventData></Event>
<Event xmlns='http://schemas.microsoft.com/win/2004/08/events/event'><System><Provider Name='Microsoft-Windows-Security-Auditing' Guid='{54849625-5478-4994-a5ba-3e3b0328c30d}'/><EventID>4624</EventID><Version>5</Version><Level>0</Level><Task>0</Task><Opcode>0</Opcode><Keywords>0x8000000000000000</Keywords><TimeCreated SystemTime='2026-09-29T11:50:00.0030000Z'/><EventRecordID>902358</EventRecordID><Correlation/><Execution ProcessID='4' ThreadID='1192'/><Channel>Security</Channel><Computer>DESKTOP-RW01</Computer><Security UserID='S-1-5-18'/></System><EventData><Data Name="SubjectUserSid">S-1-5-18</Data><Data Name="SubjectUserName">DESKTOP-RW01$</Data><Data Name="SubjectDomainName">WORKGROUP</Data><Data Name="SubjectLogonId">0x3e7</Data><Data Name="TargetUserSid">S-1-5-18</Data><Data Name="TargetUserName">SYSTEM</Data><Data Name="TargetDomainName">NT AUTHORITY</Data><Data Name="TargetLogonId">0x4f1c2</Data><Data Name="LogonType">5</Data><Data Name="LogonProcessName">Advapi</Data><Data Name="AuthenticationPackageName">Negotiate</Data><Data Name="WorkstationName">DESKTOP-RW01</Data><Data Name="ProcessId">0x5d4</Data><Data Name="ProcessName">C:\Windows\System32\svchost.exe</Data><Data Name="IpAddress">-</Data><Data Name="IpPort">0</Data></EventData></Event>
<Event xmlns='http://schemas.microsoft.com/win/2004/08/events/event'><System><Provider Name='Microsoft-Windows-Security-Auditing' Guid='{54849625-5478-4994-a5ba-3e3b0328c30d}'/><EventID>4688</EventID><Version>5</Version><Level>4</Level><Task>0</Task><Opcode>0</Opcode><Keywords>0x8000000000000000</Keywords><TimeCreated SystemTime='2026-09-29T09:00:00.0040000Z'/><EventRecordID>902359</EventRecordID><Correlation/><Execution ProcessID='4' ThreadID='1192'/><Channel>Security</Channel><Computer>DESKTOP-RW01</Computer><Security UserID='S-1-5-18'/></System><EventData><Data Name="SubjectUserSid">S-1-5-21-1-2-3-1001</Data><Data Name="SubjectUserName">SYSTEM</Data><Data Name="SubjectDomainName">NT AUTHORITY</Data><Data Name="SubjectLogonId">0x3e1a2</Data><Data Name="NewProcessId">0x1d58</Data><Data Name="NewProcessName">C:\Windows\System32\WindowsPowerShell\v1.0\powershell.exe</Data><Data Name="TokenElevationType">%%1938</Data><Data Name="ProcessId">0x1d10</Data><Data Name="CommandLine">"C:\Windows\System32\WindowsPowerShell\v1.0\powershell.exe" -NoProfile -WindowStyle Hidden -ExecutionPolicy Bypass -File "C:\Program Files (x86)\Microsoft Intune Management Extension\Policies\Scripts\3f2b9c1e_inventory.ps1"</Data><Data Name="TargetUserSid">S-1-0-0</Data><Data Name="TargetUserName">-</Data><Data Name="TargetDomainName">-</Data><Data Name="TargetLogonId">0x0</Data><Data Name="ParentProcessName">C:\Program Files (x86)\Microsoft Intune Management Extension\AgentExecutor.exe</Data><Data Name="MandatoryLabel">S-1-16-8192</Data></EventData></Event>
<Event xmlns='http://schemas.microsoft.com/win/2004/08/events/event'><System><Provider Name='Microsoft-Windows-Security-Auditing' Guid='{54849625-5478-4994-a5ba-3e3b0328c30d}'/><EventID>4688</EventID><Version>5</Version><Level>4</Level><Task>0</Task><Opcode>0</Opcode><Keywords>0x8000000000000000</Keywords><TimeCreated SystemTime='2026-09-29T10:41:00.0040000Z'/><EventRecordID>902360</EventRecordID><Correlation/><Execution ProcessID='4' ThreadID='1192'/><Channel>Security</Channel><Computer>DESKTOP-RW01</Computer><Security UserID='S-1-5-18'/></System><EventData><Data Name="SubjectUserSid">S-1-5-21-1-2-3-1001</Data><Data Name="SubjectUserName">rwtest</Data><Data Name="SubjectDomainName">DESKTOP-RW01</Data><Data Name="SubjectLogonId">0x3e1a2</Data><Data Name="NewProcessId">0x2288</Data><Data Name="NewProcessName">C:\Windows\System32\WindowsPowerShell\v1.0\powershell.exe</Data><Data Name="TokenElevationType">%%1938</Data><Data Name="ProcessId">0x1394</Data><Data Name="CommandLine">powershell.exe -NoProfile -WindowStyle Hidden -EncodedCommand VwByAGkAdABlAC0ATwB1AHQAcAB1AHQAIAAnAFIAVwAtADAAMQAgAHMAbwBjAC0AaQBuAHYAZQBzAHQAaQBnAGEAdABvAHIAIAB2AGEAbABpAGQAYQB0AGkAbwBuACcAOwAgAEkAbgB2AG8AawBlAC0AVwBlAGIAUgBlAHEAdQBlAHMAdAAgAC0AVQBzAGUAQgBhAHMAaQBjAFAAYQByAHMAaQBuAGcAIAAtAFUAcgBpACAAaAB0AHQAcABzADoALwAvAGUAeABhAG0AcABsAGUALgBjAG8AbQAvACAAfAAgAE8AdQB0AC0ATgB1AGwAbAA=</Data><Data Name="TargetUserSid">S-1-0-0</Data><Data Name="TargetUserName">-</Data><Data Name="TargetDomainName">-</Data><Data Name="TargetLogonId">0x0</Data><Data Name="ParentProcessName">C:\Windows\explorer.exe</Data><Data Name="MandatoryLabel">S-1-16-8192</Data></EventData></Event>
<Event xmlns='http://schemas.microsoft.com/win/2004/08/events/event'><System><Provider Name='Microsoft-Windows-Security-Auditing' Guid='{54849625-5478-4994-a5ba-3e3b0328c30d}'/><EventID>4688</EventID><Version>5</Version><Level>4</Level><Task>0</Task><Opcode>0</Opcode><Keywords>0x8000000000000000</Keywords><TimeCreated SystemTime='2026-09-29T10:50:00.0040000Z'/><EventRecordID>902361</EventRecordID><Correlation/><Execution ProcessID='4' ThreadID='1192'/><Channel>Security</Channel><Computer>DESKTOP-RW01</Computer><Security UserID='S-1-5-18'/></System><EventData><Data Name="SubjectUserSid">S-1-5-21-1-2-3-1001</Data><Data Name="SubjectUserName">rwtest</Data><Data Name="SubjectDomainName">DESKTOP-RW01</Data><Data Name="SubjectLogonId">0x3e1a2</Data><Data Name="NewProcessId">0x2390</Data><Data Name="NewProcessName">C:\Windows\System32\WindowsPowerShell\v1.0\powershell.exe</Data><Data Name="TokenElevationType">%%1938</Data><Data Name="ProcessId">0x1394</Data><Data Name="CommandLine">powershell.exe -NoProfile -EncodedCommand UwB0AGEAcgB0AC0AUAByAG8AYwBlAHMAcwAgAC0AVwBhAGkAdAAgAC0AVwBpAG4AZABvAHcAUwB0AHkAbABlACAASABpAGQAZABlAG4AIABjAG0AZAAuAGUAeABlACAALQBBAHIAZwB1AG0AZQBuAHQATABpAHMAdAAgACcALwBjACAAdwBoAG8AYQBtAGkAIAAvAGEAbABsACAAPgAgAE4AVQBMACAAJgAgAHAAaQBuAGcAIAAtAG4AIAAxACAAMQAyADcALgAwAC4AMAAuADEAIAA+ACAATgBVAEwAJwA=</Data><Data Name="TargetUserSid">S-1-0-0</Data><Data Name="TargetUserName">-</Data><Data Name="TargetDomainName">-</Data><Data Name="TargetLogonId">0x0</Data><Data Name="ParentProcessName">C:\Windows\explorer.exe</Data><Data Name="MandatoryLabel">S-1-16-8192</Data></EventData></Event>
<Event xmlns='http://schemas.microsoft.com/win/2004/08/events/event'><System><Provider Name='Microsoft-Windows-Security-Auditing' Guid='{54849625-5478-4994-a5ba-3e3b0328c30d}'/><EventID>4688</EventID><Version>5</Version><Level>4</Level><Task>0</Task><Opcode>0</Opcode><Keywords>0x8000000000000000</Keywords><TimeCreated SystemTime='2026-09-29T10:50:01.0040000Z'/><EventRecordID>902362</EventRecordID><Correlation/><Execution ProcessID='4' ThreadID='1192'/><Channel>Security</Channel><Computer>DESKTOP-RW01</Computer><Security UserID='S-1-5-18'/></System><EventData><Data Name="SubjectUserSid">S-1-5-21-1-2-3-1001</Data><Data Name="SubjectUserName">rwtest</Data><Data Name="SubjectDomainName">DESKTOP-RW01</Data><Data Name="SubjectLogonId">0x3e1a2</Data><Data Name="NewProcessId">0x23e4</Data><Data Name="NewProcessName">C:\Windows\System32\cmd.exe</Data><Data Name="TokenElevationType">%%1938</Data><Data Name="ProcessId">0x2390</Data><Data Name="CommandLine">"C:\Windows\System32\cmd.exe" /c whoami /all &gt; NUL &amp; ping -n 1 127.0.0.1 &gt; NUL</Data><Data Name="TargetUserSid">S-1-0-0</Data><Data Name="TargetUserName">-</Data><Data Name="TargetDomainName">-</Data><Data Name="TargetLogonId">0x0</Data><Data Name="ParentProcessName">C:\Windows\System32\WindowsPowerShell\v1.0\powershell.exe</Data><Data Name="MandatoryLabel">S-1-16-8192</Data></EventData></Event>
<Event xmlns='http://schemas.microsoft.com/win/2004/08/events/event'><System><Provider Name='Microsoft-Windows-Security-Auditing' Guid='{54849625-5478-4994-a5ba-3e3b0328c30d}'/><EventID>4688</EventID><Version>5</Version><Level>4</Level><Task>0</Task><Opcode>0</Opcode><Keywords>0x8000000000000000</Keywords><TimeCreated SystemTime='2026-09-29T10:50:01.3040000Z'/><EventRecordID>902363</EventRecordID><Correlation/><Execution ProcessID='4' ThreadID='1192'/><Channel>Security</Channel><Computer>DESKTOP-RW01</Computer><Security UserID='S-1-5-18'/></System><EventData><Data Name="SubjectUserSid">S-1-5-21-1-2-3-1001</Data><Data Name="SubjectUserName">rwtest</Data><Data Name="SubjectDomainName">DESKTOP-RW01</Data><Data Name="SubjectLogonId">0x3e1a2</Data><Data Name="NewProcessId">0x2404</Data><Data Name="NewProcessName">C:\Windows\System32\whoami.exe</Data><Data Name="TokenElevationType">%%1938</Data><Data Name="ProcessId">0x23e4</Data><Data Name="CommandLine">whoami  /all</Data><Data Name="TargetUserSid">S-1-0-0</Data><Data Name="TargetUserName">-</Data><Data Name="TargetDomainName">-</Data><Data Name="TargetLogonId">0x0</Data><Data Name="ParentProcessName">C:\Windows\System32\cmd.exe</Data><Data Name="MandatoryLabel">S-1-16-8192</Data></EventData></Event>
<Event xmlns='http://schemas.microsoft.com/win/2004/08/events/event'><System><Provider Name='Microsoft-Windows-Security-Auditing' Guid='{54849625-5478-4994-a5ba-3e3b0328c30d}'/><EventID>4688</EventID><Version>5</Version><Level>4</Level><Task>0</Task><Opcode>0</Opcode><Keywords>0x8000000000000000</Keywords><TimeCreated SystemTime='2026-09-29T10:50:02.0040000Z'/><EventRecordID>902364</EventRecordID><Correlation/><Execution ProcessID='4' ThreadID='1192'/><Channel>Security</Channel><Computer>DESKTOP-RW01</Computer><Security UserID='S-1-5-18'/></System><EventData><Data Name="SubjectUserSid">S-1-5-21-1-2-3-1001</Data><Data Name="SubjectUserName">rwtest</Data><Data Name="SubjectDomainName">DESKTOP-RW01</Data><Data Name="SubjectLogonId">0x3e1a2</Data><Data Name="NewProcessId">0x241c</Data><Data Name="NewProcessName">C:\Windows\System32\PING.EXE</Data><Data Name="TokenElevationType">%%1938</Data><Data Name="ProcessId">0x23e4</Data><Data Name="CommandLine">ping  -n 1 127.0.0.1</Data><Data Name="TargetUserSid">S-1-0-0</Data><Data Name="TargetUserName">-</Data><Data Name="TargetDomainName">-</Data><Data Name="TargetLogonId">0x0</Data><Data Name="ParentProcessName">C:\Windows\System32\cmd.exe</Data><Data Name="MandatoryLabel">S-1-16-8192</Data></EventData></Event>
<Event xmlns='http://schemas.microsoft.com/win/2004/08/events/event'><System><Provider Name='Microsoft-Windows-Security-Auditing' Guid='{54849625-5478-4994-a5ba-3e3b0328c30d}'/><EventID>4625</EventID><Version>5</Version><Level>0</Level><Task>0</Task><Opcode>0</Opcode><Keywords>0x8000000000000000</Keywords><TimeCreated SystemTime='2026-09-29T11:05:00.0030000Z'/><EventRecordID>902365</EventRecordID><Correlation/><Execution ProcessID='4' ThreadID='1192'/><Channel>Security</Channel><Computer>DESKTOP-RW01</Computer><Security UserID='S-1-5-18'/></System><EventData><Data Name="SubjectUserSid">S-1-5-18</Data><Data Name="SubjectUserName">DESKTOP-RW01$</Data><Data Name="SubjectDomainName">WORKGROUP</Data><Data Name="SubjectLogonId">0x3e7</Data><Data Name="TargetUserSid">S-1-0-0</Data><Data Name="TargetUserName">rw_nonexistent</Data><Data Name="TargetDomainName">DESKTOP-RW01</Data><Data Name="Status">0xc000006d</Data><Data Name="FailureReason">%%2313</Data><Data Name="SubStatus">0xc0000064</Data><Data Name="LogonType">2</Data><Data Name="LogonProcessName">seclogo</Data><Data Name="AuthenticationPackageName">Negotiate</Data><Data Name="WorkstationName">DESKTOP-RW01</Data><Data Name="ProcessId">0x5d4</Data><Data Name="ProcessName">C:\Windows\System32\svchost.exe</Data><Data Name="IpAddress">::1</Data><Data Name="IpPort">0</Data></EventData></Event>
<Event xmlns='http://schemas.microsoft.com/win/2004/08/events/event'><System><Provider Name='Microsoft-Windows-Security-Auditing' Guid='{54849625-5478-4994-a5ba-3e3b0328c30d}'/><EventID>4625</EventID><Version>5</Version><Level>0</Level><Task>0</Task><Opcode>0</Opcode><Keywords>0x8000000000000000</Keywords><TimeCreated SystemTime='2026-09-29T11:05:07.0030000Z'/><EventRecordID>902366</EventRecordID><Correlation/><Execution ProcessID='4' ThreadID='1192'/><Channel>Security</Channel><Computer>DESKTOP-RW01</Computer><Security UserID='S-1-5-18'/></System><EventData><Data Name="SubjectUserSid">S-1-5-18</Data><Data Name="SubjectUserName">DESKTOP-RW01$</Data><Data Name="SubjectDomainName">WORKGROUP</Data><Data Name="SubjectLogonId">0x3e7</Data><Data Name="TargetUserSid">S-1-0-0</Data><Data Name="TargetUserName">rw_nonexistent</Data><Data Name="TargetDomainName">DESKTOP-RW01</Data><Data Name="Status">0xc000006d</Data><Data Name="FailureReason">%%2313</Data><Data Name="SubStatus">0xc0000064</Data><Data Name="LogonType">2</Data><Data Name="LogonProcessName">seclogo</Data><Data Name="AuthenticationPackageName">Negotiate</Data><Data Name="WorkstationName">DESKTOP-RW01</Data><Data Name="ProcessId">0x5d4</Data><Data Name="ProcessName">C:\Windows\System32\svchost.exe</Data><Data Name="IpAddress">::1</Data><Data Name="IpPort">0</Data></EventData></Event>
<Event xmlns='http://schemas.microsoft.com/win/2004/08/events/event'><System><Provider Name='Microsoft-Windows-Security-Auditing' Guid='{54849625-5478-4994-a5ba-3e3b0328c30d}'/><EventID>4625</EventID><Version>5</Version><Level>0</Level><Task>0</Task><Opcode>0</Opcode><Keywords>0x8000000000000000</Keywords><TimeCreated SystemTime='2026-09-29T11:05:14.0030000Z'/><EventRecordID>902367</EventRecordID><Correlation/><Execution ProcessID='4' ThreadID='1192'/><Channel>Security</Channel><Computer>DESKTOP-RW01</Computer><Security UserID='S-1-5-18'/></System><EventData><Data Name="SubjectUserSid">S-1-5-18</Data><Data Name="SubjectUserName">DESKTOP-RW01$</Data><Data Name="SubjectDomainName">WORKGROUP</Data><Data Name="SubjectLogonId">0x3e7</Data><Data Name="TargetUserSid">S-1-0-0</Data><Data Name="TargetUserName">rw_nonexistent</Data><Data Name="TargetDomainName">DESKTOP-RW01</Data><Data Name="Status">0xc000006d</Data><Data Name="FailureReason">%%2313</Data><Data Name="SubStatus">0xc0000064</Data><Data Name="LogonType">2</Data><Data Name="LogonProcessName">seclogo</Data><Data Name="AuthenticationPackageName">Negotiate</Data><Data Name="WorkstationName">DESKTOP-RW01</Data><Data Name="ProcessId">0x5d4</Data><Data Name="ProcessName">C:\Windows\System32\svchost.exe</Data><Data Name="IpAddress">::1</Data><Data Name="IpPort">0</Data></EventData></Event>
<Event xmlns='http://schemas.microsoft.com/win/2004/08/events/event'><System><Provider Name='Microsoft-Windows-Security-Auditing' Guid='{54849625-5478-4994-a5ba-3e3b0328c30d}'/><EventID>4625</EventID><Version>5</Version><Level>0</Level><Task>0</Task><Opcode>0</Opcode><Keywords>0x8000000000000000</Keywords><TimeCreated SystemTime='2026-09-29T11:05:21.0030000Z'/><EventRecordID>902368</EventRecordID><Correlation/><Execution ProcessID='4' ThreadID='1192'/><Channel>Security</Channel><Computer>DESKTOP-RW01</Computer><Security UserID='S-1-5-18'/></System><EventData><Data Name="SubjectUserSid">S-1-5-18</Data><Data Name="SubjectUserName">DESKTOP-RW01$</Data><Data Name="SubjectDomainName">WORKGROUP</Data><Data Name="SubjectLogonId">0x3e7</Data><Data Name="TargetUserSid">S-1-0-0</Data><Data Name="TargetUserName">rw_nonexistent</Data><Data Name="TargetDomainName">DESKTOP-RW01</Data><Data Name="Status">0xc000006d</Data><Data Name="FailureReason">%%2313</Data><Data Name="SubStatus">0xc0000064</Data><Data Name="LogonType">2</Data><Data Name="LogonProcessName">seclogo</Data><Data Name="AuthenticationPackageName">Negotiate</Data><Data Name="WorkstationName">DESKTOP-RW01</Data><Data Name="ProcessId">0x5d4</Data><Data Name="ProcessName">C:\Windows\System32\svchost.exe</Data><Data Name="IpAddress">::1</Data><Data Name="IpPort">0</Data></EventData></Event>
<Event xmlns='http://schemas.microsoft.com/win/2004/08/events/event'><System><Provider Name='Microsoft-Windows-Security-Auditing' Guid='{54849625-5478-4994-a5ba-3e3b0328c30d}'/><EventID>4625</EventID><Version>5</Version><Level>0</Level><Task>0</Task><Opcode>0</Opcode><Keywords>0x8000000000000000</Keywords><TimeCreated SystemTime='2026-09-29T11:05:28.0030000Z'/><EventRecordID>902369</EventRecordID><Correlation/><Execution ProcessID='4' ThreadID='1192'/><Channel>Security</Channel><Computer>DESKTOP-RW01</Computer><Security UserID='S-1-5-18'/></System><EventData><Data Name="SubjectUserSid">S-1-5-18</Data><Data Name="SubjectUserName">DESKTOP-RW01$</Data><Data Name="SubjectDomainName">WORKGROUP</Data><Data Name="SubjectLogonId">0x3e7</Data><Data Name="TargetUserSid">S-1-0-0</Data><Data Name="TargetUserName">rw_nonexistent</Data><Data Name="TargetDomainName">DESKTOP-RW01</Data><Data Name="Status">0xc000006d</Data><Data Name="FailureReason">%%2313</Data><Data Name="SubStatus">0xc0000064</Data><Data Name="LogonType">2</Data><Data Name="LogonProcessName">seclogo</Data><Data Name="AuthenticationPackageName">Negotiate</Data><Data Name="WorkstationName">DESKTOP-RW01</Data><Data Name="ProcessId">0x5d4</Data><Data Name="ProcessName">C:\Windows\System32\svchost.exe</Data><Data Name="IpAddress">::1</Data><Data Name="IpPort">0</Data></EventData></Event>
<Event xmlns='http://schemas.microsoft.com/win/2004/08/events/event'><System><Provider Name='Microsoft-Windows-Security-Auditing' Guid='{54849625-5478-4994-a5ba-3e3b0328c30d}'/><EventID>4625</EventID><Version>5</Version><Level>0</Level><Task>0</Task><Opcode>0</Opcode><Keywords>0x8000000000000000</Keywords><TimeCreated SystemTime='2026-09-29T11:05:35.0030000Z'/><EventRecordID>902370</EventRecordID><Correlation/><Execution ProcessID='4' ThreadID='1192'/><Channel>Security</Channel><Computer>DESKTOP-RW01</Computer><Security UserID='S-1-5-18'/></System><EventData><Data Name="SubjectUserSid">S-1-5-18</Data><Data Name="SubjectUserName">DESKTOP-RW01$</Data><Data Name="SubjectDomainName">WORKGROUP</Data><Data Name="SubjectLogonId">0x3e7</Data><Data Name="TargetUserSid">S-1-0-0</Data><Data Name="TargetUserName">rw_nonexistent</Data><Data Name="TargetDomainName">DESKTOP-RW01</Data><Data Name="Status">0xc000006d</Data><Data Name="FailureReason">%%2313</Data><Data Name="SubStatus">0xc0000064</Data><Data Name="LogonType">2</Data><Data Name="LogonProcessName">seclogo</Data><Data Name="AuthenticationPackageName">Negotiate</Data><Data Name="WorkstationName">DESKTOP-RW01</Data><Data Name="ProcessId">0x5d4</Data><Data Name="ProcessName">C:\Windows\System32\svchost.exe</Data><Data Name="IpAddress">::1</Data><Data Name="IpPort">0</Data></EventData></Event>
</Events>
