<Event xmlns='http://schemas.microsoft.com/win/2004/08/events/event'><System><Provider Name='Microsoft-Windows-Sysmon' Guid='{5770385f-c22a-43e0-bf4c-06f5698ffbd9}'/><EventID>22</EventID><Version>5</Version><Level>4</Level><Task>0</Task><Opcode>0</Opcode><Keywords>0x8000000000000000</Keywords><TimeCreated SystemTime='2026-09-29T11:30:20.0030000Z'/><EventRecordID>481317</EventRecordID><Correlation/><Execution ProcessID='3120' ThreadID='4308'/><Channel>Microsoft-Windows-Sysmon/Operational</Channel><Computer>DESKTOP-RW01</Computer><Security UserID='S-1-5-18'/></System><EventData><Data Name="RuleName">-</Data><Data Name="UtcTime">2026-09-29 11:30:20.000</Data><Data Name="ProcessGuid">{7c3a9e51-0b4c-66f9-2a4c-000000012329}</Data><Data Name="ProcessId">6120</Data><Data Name="QueryName">www.bing.com</Data><Data Name="QueryStatus">0</Data><Data Name="QueryResults">type:  5 www-bing-com.a-0001.a-msedge.net;</Data><Data Name="Image">C:\Program Files (x86)\Microsoft\Edge\Application\msedge.exe</Data><Data Name="User">DESKTOP-RW01\rwtest</Data></EventData></Event>
<Event xmlns='http://schemas.microsoft.com/win/2004/08/events/event'><System><Provider Name='Microsoft-Windows-Sysmon' Guid='{5770385f-c22a-43e0-bf4c-06f5698ffbd9}'/><EventID>3</EventID><Version>5</Version><Level>4</Level><Task>0</Task><Opcode>0</Opcode><Keywords>0x8000000000000000</Keywords><TimeCreated SystemTime='2026-09-29T11:30:21.0030000Z'/><EventRecordID>481318</EventRecordID><Correlation/><Execution ProcessID='3120' ThreadID='4308'/><Channel>Microsoft-Windows-Sysmon/Operational</Channel><Computer>DESKTOP-RW01</Computer><Security UserID='S-1-5-18'/></System><EventData><Data Name="RuleName">-</Data><Data Name="UtcTime">2026-09-29 11:30:21.000</Data><Data Name="ProcessGuid">{7c3a9e51-0b4c-66f9-2a4c-000000012329}</Data><Data Name="ProcessId">6120</Data><Data Name="Image">C:\Program Files (x86)\Microsoft\Edge\Application\msedge.exe</Data><Data Name="User">DESKTOP-RW01\rwtest</Data><Data Name="Protocol">tcp</Data><Data Name="Initiated">true</Data><Data Name="SourceIsIpv6">false</Data><Data Name="SourceIp">192.168.1.50</Data><Data Name="SourceHostname">DESKTOP-RW01</Data><Data Name="SourcePort">51039</Data><Data Name="SourcePortName">-</Data><Data Name="DestinationIsIpv6">false</Data><Data Name="DestinationIp">13.107.21.200</Data><Data Name="DestinationHostname">-</Data><Data Name="DestinationPort">443</Data><Data Name="DestinationPortName">https</Data></EventData></Event>
<Event xmlns='http://schemas.microsoft.com/win/2004/08/events/event'><System><Provider Name='Microsoft-Windows-Sysmon' Guid='{5770385f-c22a-43e0-bf4c-06f5698ffbd9}'/><EventID>3</EventID><Version>5</Version><Level>4</Level><Task>0</Task><Opcode>0</Opcode><Keywords>0x8000000000000000</Keywords><TimeCreated SystemTime='2026-09-29T11:30:40.0030000Z'/><EventRecordID>481319</EventRecordID><Correlation/><Execution ProcessID='3120' ThreadID='4308'/><Channel>Microsoft-Windows-Sysmon/Operational</Channel><Computer>DESKTOP-RW01</Computer><Security UserID='S-1-5-18'/></System><EventData><Data Name="RuleName">-</Data><Data Name="UtcTime">2026-09-29 11:30:40.000</Data><Data Name="ProcessGuid">{7c3a9e51-0b4d-66f9-2a4d-00000001232a}</Data><Data Name="ProcessId">1880</Data><Data Name="Image">C:\Windows\System32\svchost.exe</Data><Data Name="User">NT AUTHORITY\SYSTEM</Data><Data Name="Protocol">tcp</Data><Data Name="Initiated">true</Data><Data Name="SourceIsIpv6">false</Data><Data Name="SourceIp">192.168.1.50</Data><Data Name="SourceHostname">DESKTOP-RW01</Data><Data Name="SourcePort">52039</Data><Data Name="SourcePortName">-</Data><Data Name="DestinationIsIpv6">false</Data><Data Name="DestinationIp">192.168.1.1</Data><Data Name="DestinationHostname">-</Data><Data Name="DestinationPort">53</Data><Data Name="DestinationPortName">-</Data></EventData></Event>
<Event xmlns='http://schemas.microsoft.com/win/2004/08/events/event'><System><Provider Name='Microsoft-Windows-Sysmon' Guid='{5770385f-c22a-43e0-bf4c-06f5698ffbd9}'/><EventID>22</EventID><Version>5</Version><Level>4</Level><Task>0</Task><Opcode>0</Opcode><Keywords>0x8000000000000000</Keywords><TimeCreated SystemTime='2026-09-29T11:40:20.0030000Z'/><EventRecordID>481320</EventRecordID><Correlation/><Execution ProcessID='3120' ThreadID='4308'/><Channel>Microsoft-Windows-Sysmon/Operational</Channel><Computer>DESKTOP-RW01</Computer><Security UserID='S-1-5-18'/></System><EventData><Data Name="RuleName">-</Data><Data Name="UtcTime">2026-09-29 11:40:20.000</Data><Data Name="ProcessGuid">{7c3a9e51-0b4c-66f9-2a4c-000000012329}</Data><Data Name="ProcessId">6120</Data><Data Name="QueryName">www.bing.com</Data><Data Name="QueryStatus">0</Data><Data Name="QueryResults">type:  5 www-bing-com.a-0001.a-msedge.net;</Data><Data Name="Image">C:\Program Files (x86)\Microsoft\Edge\Application\msedge.exe</Data><Data Name="User">DESKTOP-RW01\rwtest</Data></EventData></Event>
<Event xmlns='http://schemas.microsoft.com/win/2004/08/events/event'><System><Provider Name='Microsoft-Windows-Sysmon' Guid='{5770385f-c22a-43e0-bf4c-06f5698ffbd9}'/><EventID>3</EventID><Version>5</Version><Level>4</Level><Task>0</Task><Opcode>0</Opcode><Keywords>0x8000000000000000</Keywords><TimeCreated SystemTime='2026-09-29T11:40:21.0030000Z'/><EventRecordID>481321</EventRecordID><Correlation/><Execution ProcessID='3120' ThreadID='4308'/><Channel>Microsoft-Windows-Sysmon/Operational</Channel><Computer>DESKTOP-RW01</Computer><Security UserID='S-1-5-18'/></System><EventData><Data Name="RuleName">-</Data><Data Name="UtcTime">2026-09-29 11:40:21.000</Data><Data Name="ProcessGuid">{7c3a9e51-0b4c-66f9-2a4c-000000012329}</Data><Data Name="ProcessId">6120</Data><Data Name="Image">C:\Program Files (x86)\Microsoft\Edge\Application\msedge.exe</Data><Data Name="User">DESKTOP-RW01\rwtest</Data><Data Name="Protocol">tcp</Data><Data Name="Initiated">true</Data><Data Name="SourceIsIpv6">false</Data><Data Name="SourceIp">192.168.1.50</Data><Data Name="SourceHostname">DESKTOP-RW01</Data><Data Name="SourcePort">51040</Data><Data Name="SourcePortName">-</Data><Data Name="DestinationIsIpv6">false</Data><Data Name="DestinationIp">13.107.21.200</Data><Data Name="DestinationHostname">-</Data><Data Name="DestinationPort">443</Data><Data Name="DestinationPortName">https</Data></EventData></Event>
<Event xmlns='http://schemas.microsoft.com/win/2004/08/events/event'><System><Provider Name='Microsoft-Windows-Sysmon' Guid='{5770385f-c22a-43e0-bf4c-06f5698ffbd9}'/><EventID>3</EventID><Version>5</Version><Level>4</Level><Task>0</Task><Opcode>0</Opcode><Keywords>0x8000000000000000</Keywords><TimeCreated SystemTime='2026-09-29T11:40:40.0030000Z'/><EventRecordID>481322</EventRecordID><Correlation/><Execution ProcessID='3120' ThreadID='4308'/><Channel>Microsoft-Windows-Sysmon/Operational</Channel><Computer>DESKTOP-RW01</Computer><Security UserID='S-1-5-18'/></System><EventData><Data Name="RuleName">-</Data><Data Name="UtcTime">2026-09-29 11:40:40.000</Data><Data Name="ProcessGuid">{7c3a9e51-0b4d-66f9-2a4d-00000001232a}</Data><Data Name="ProcessId">1880</Data><Data Name="Image">C:\Windows\System32\svchost.exe</Data><Data Name="User">NT AUTHORITY\SYSTEM</Data><Data Name="Protocol">tcp</Data><Data Name="Initiated">true</Data><Data Name="SourceIsIpv6">false</Data><Data Name="SourceIp">192.168.1.50</Data><Data Name="SourceHostname">DESKTOP-RW01</Data><Data Name="SourcePort">52040</Data><Data Name="SourcePortName">-</Data><Data Name="DestinationIsIpv6">false</Data><Data Name="DestinationIp">192.168.1.1</Data><Data Name="DestinationHostname">-</Data><Data Name="DestinationPort">53</Data><Data Name="DestinationPortName">-</Data></EventData></Event>
<Event xmlns='http://schemas.microsoft.com/win/2004/08/events/event'><System><Provider Name='Microsoft-Windows-Sysmon' Guid='{5770385f-c22a-43e0-bf4c-06f5698ffbd9}'/><EventID>22</EventID><Version>5</Version><Level>4</Level><Task>0</Task><Opcode>0</Opcode><Keywords>0x8000000000000000</Keywords><TimeCreated SystemTime='2026-09-29T11:50:20.0030000Z'/><EventRecordID>481323</EventRecordID><Correlation/><Execution ProcessID='3120' ThreadID='4308'/><Channel>Microsoft-Windows-Sysmon/Operational</Channel><Computer>DESKTOP-RW01</Computer><Security UserID='S-1-5-18'/></System><EventData><Data Name="RuleName">-</Data><Data Name="UtcTime">2026-09-29 11:50:20.000</Data><Data Name="ProcessGuid">{7c3a9e51-0b4c-66f9-2a4c-000000012329}</Data><Data Name="ProcessId">6120</Data><Data Name="QueryName">www.bing.com</Data><Data Name="QueryStatus">0</Data><Data Name="QueryResults">type:  5 www-bing-com.a-0001.a-msedge.net;</Data><Data Name="Image">C:\Program Files (x86)\Microsoft\Edge\Application\msedge.exe</Data><Data Name="User">DESKTOP-RW01\rwtest</Data></EventData></Event>
<Event xmlns='http://schemas.microsoft.com/win/2004/08/events/event'><System><Provider Name='Microsoft-Windows-Sysmon' Guid='{5770385f-c22a-43e0-bf4c-06f5698ffbd9}'/><EventID>3</EventID><Version>5</Version><Level>4</Level><Task>0</Task><Opcode>0</Opcode><Keywords>0x8000000000000000</Keywords><TimeCreated SystemTime='2026-09-29T11:50:21.0030000Z'/><EventRecordID>481324</EventRecordID><Correlation/><Execution ProcessID='3120' ThreadID='4308'/><Channel>Microsoft-Windows-Sysmon/Operational</Channel><Computer>DESKTOP-RW01</Computer><Security UserID='S-1-5-18'/></System><EventData><Data Name="RuleName">-</Data><Data Name="UtcTime">2026-09-29 11:50:21.000</Data><Data Name="ProcessGuid">{7c3a9e51-0b4c-66f9-2a4c-000000012329}</Data><Data Name="ProcessId">6120</Data><Data Name="Image">C:\Program Files (x86)\Microsoft\Edge\Application\msedge.exe</Data><Data Name="User">DESKTOP-RW01\rwtest</Data><Data Name="Protocol">tcp</Data><Data Name="Initiated">true</Data><Data Name="SourceIsIpv6">false</Data><Data Name="SourceIp">192.168.1.50</Data><Data Name="SourceHostname">DESKTOP-RW01</Data><Data Name="SourcePort">51041</Data><Data Name="SourcePortName">-</Data><Data Name="DestinationIsIpv6">false</Data><Data Name="DestinationIp">13.107.21.200</Data><Data Name="DestinationHostname">-</Data><Data Name="DestinationPort">443</Data><Data Name="DestinationPortName">https</Data></EventData></Event>
<Event xmlns='http://schemas.microsoft.com/win/2004/08/events/event'><System><Provider Name='Microsoft-Windows-Sysmon' Guid='{5770385f-c22a-43e0-bf4c-06f5698ffbd9}'/><EventID>3</EventID><Version>5</Version><Level>4</Level><Task>0</Task><Opcode>0</Opcode><Keywords>0x8000000000000000</Keywords><TimeCreated SystemTime='2026-09-29T11:50:40.0030000Z'/><EventRecordID>481325</EventRecordID><Correlation/><Execution ProcessID='3120' ThreadID='4308'/><Channel>Microsoft-Windows-Sysmon/Operational</Channel><Computer>DESKTOP-RW01</Computer><Security UserID='S-1-5-18'/></System><EventData><Data Name="RuleName">-</Data><Data Name="UtcTime">2026-09-29 11:50:40.000</Data><Data Name="ProcessGuid">{7c3a9e51-0b4d-66f9-2a4d-00000001232a}</Data><Data Name="ProcessId">1880</Data><Data Name="Image">C:\Windows\System32\svchost.exe</Data><Data Name="User">NT AUTHORITY\SYSTEM</Data><Data Name="Protocol">tcp</Data><Data Name="Initiated">true</Data><Data Name="SourceIsIpv6">false</Data><Data Name="SourceIp">192.168.1.50</Data><Data Name="SourceHostname">DESKTOP-RW01</Data><Data Name="SourcePort">52041</Data><Data Name="SourcePortName">-</Data><Data Name="DestinationIsIpv6">false</Data><Data Name="DestinationIp">192.168.1.1</Data><Data Name="DestinationHostname">-</Data><Data Name="DestinationPort">53</Data><Data Name="DestinationPortName">-</Data></EventData></Event>
<Event xmlns='http://schemas.microsoft.com/win/2004/08/events/event'><System><Provider Name='Microsoft-Windows-Sysmon' Guid='{5770385f-c22a-43e0-bf4c-06f5698ffbd9}'/><EventID>1</EventID><Version>5</Version><Level>4</Level><Task>0</Task><Opcode>0</Opcode><Keywords>0x8000000000000000</Keywords><TimeCreated SystemTime='2026-09-29T09:00:00.0030000Z'/><EventRecordID>481326</EventRecordID><Correlation/><Execution ProcessID='3120' ThreadID='4308'/><Channel>Microsoft-Windows-Sysmon/Operational</Channel><Computer>DESKTOP-RW01</Computer><Security UserID='S-1-5-18'/></System><EventData><Data Name="RuleName">-</Data><Data Name="UtcTime">2026-09-29 09:00:00.000</Data><Data Name="ProcessGuid">{7c3a9e51-0b0b-66f9-2a0b-00000001000b}</Data><Data Name="ProcessId">7512</Data><Data Name="Image">C:\Windows\System32\WindowsPowerShell\v1.0\powershell.exe</Data><Data Name="FileVersion">10.0.22621.1</Data><Data Name="Description">powershell.exe</Data><Data Name="Product">-</Data><Data Name="Company">-</Data><Data Name="OriginalFileName">powershell.exe</Data><Data Name="CommandLine">"C:\Windows\System32\WindowsPowerShell\v1.0\powershell.exe" -NoProfile -WindowStyle Hidden -ExecutionPolicy Bypass -File "C:\Program Files (x86)\Microsoft Intune Management Extension\Policies\Scripts\3f2b9c1e_inventory.ps1"</Data><Data Name="CurrentDirectory">C:\Users\rwtest\</Data><Data Name="User">NT AUTHORITY\SYSTEM</Data><Data Name="LogonGuid">{7c3a9e51-0001-66f9-2a00-000000001000}</Data><Data Name="LogonId">0x3e1a2</Data><Data Name="TerminalSessionId">1</Data><Data Name="IntegrityLevel">System</Data><Data Name="Hashes">SHA256=0000000000000000000000000000000000000000000000007B9C4A76FBB2921B,IMPHASH=00000000000000000000000000000000</Data><Data Name="ParentProcessGuid">{7c3a9e51-0b0a-66f9-2a0a-00000001000a}</Data><Data Name="ParentProcessId">7440</Data><Data Name="ParentImage">C:\Program Files (x86)\Microsoft Intune Management Extension\AgentExecutor.exe</Data><Data Name="ParentCommandLine">"C:\Program Files (x86)\Microsoft Intune Management Extension\AgentExecutor.exe" -powershell -file "C:\Program Files (x86)\Microsoft Intune Management Extension\Policies\Scripts\3f2b9c1e_inventory.ps1"</Data><Data Name="ParentUser">NT AUTHORITY\SYSTEM</Data></EventData></Event>
<Event xmlns='http://schemas.microsoft.com/win/2004/08/events/event'><System><Provider Name='Microsoft-Windows-Sysmon' Guid='{5770385f-c22a-43e0-bf4c-06f5698ffbd9}'/><EventID>5</EventID><Version>5</Version><Level>4</Level><Task>0</Task><Opcode>0</Opcode><Keywords>0x8000000000000000</Keywords><TimeCreated SystemTime='2026-09-29T09:00:03.0030000Z'/><EventRecordID>481327</EventRecordID><Correlation/><Execution ProcessID='3120' ThreadID='4308'/><Channel>Microsoft-Windows-Sysmon/Operational</Channel><Computer>DESKTOP-RW01</Computer><Security UserID='S-1-5-18'/></System><EventData><Data Name="RuleName">-</Data><Data Name="UtcTime">2026-09-29 09:00:03.000</Data><Data Name="ProcessGuid">{7c3a9e51-0b0b-66f9-2a0b-00000001000b}</Data><Data Name="ProcessId">7512</Data><Data Name="Image">C:\Windows\System32\WindowsPowerShell\v1.0\powershell.exe</Data><Data Name="User">NT AUTHORITY\SYSTEM</Data></EventData></Event>
<Event xmlns='http://schemas.microsoft.com/win/2004/08/events/event'><System><Provider Name='Microsoft-Windows-Sysmon' Guid='{5770385f-c22a-43e0-bf4c-06f5698ffbd9}'/><EventID>1</EventID><Version>5</Version><Level>4</Level><Task>0</Task><Opcode>0</Opcode><Keywords>0x8000000000000000</Keywords><TimeCreated SystemTime='2026-09-29T10:41:00.0030000Z'/><EventRecordID>481328</EventRecordID><Correlation/><Execution ProcessID='3120' ThreadID='4308'/><Channel>Microsoft-Windows-Sysmon/Operational</Channel><Computer>DESKTOP-RW01</Computer><Security UserID='S-1-5-18'/></System><EventData><Data Name="RuleName">-</Data><Data Name="UtcTime">2026-09-29 10:41:00.000</Data><Data Name="ProcessGuid">{7c3a9e51-0b15-66f9-2a15-000000010015}</Data><Data Name="ProcessId">8840</Data><Data Name="Image">C:\Windows\System32\WindowsPowerShell\v1.0\powershell.exe</Data><Data Name="FileVersion">10.0.22621.1</Data><Data Name="Description">powershell.exe</Data><Data Name="Product">-</Data><Data Name="Company">-</Data><Data Name="OriginalFileName">powershell.exe</Data><Data Name="CommandLine">powershell.exe -NoProfile -WindowStyle Hidden -EncodedCommand VwByAGkAdABlAC0ATwB1AHQAcAB1AHQAIAAnAFIAVwAtADAAMQAgAHMAbwBjAC0AaQBuAHYAZQBzAHQAaQBnAGEAdABvAHIAIAB2AGEAbABpAGQAYQB0AGkAbwBuACcAOwAgAEkAbgB2AG8AawBlAC0AVwBlAGIAUgBlAHEAdQBlAHMAdAAgAC0AVQBzAGUAQgBhAHMAaQBjAFAAYQByAHMAaQBuAGcAIAAtAFUAcgBpACAAaAB0AHQAcABzADoALwAvAGUAeABhAG0AcABsAGUALgBjAG8AbQAvACAAfAAgAE8AdQB0AC0ATgB1AGwAbAA=</Data><Data Name="CurrentDirectory">C:\Users\rwtest\</Data><Data Name="User">DESKTOP-RW01\rwtest</Data><Data Name="LogonGuid">{7c3a9e51-0001-66f9-2a00-000000001000}</Data><Data Name="LogonId">0x3e1a2</Data><Data Name="TerminalSessionId">1</Data><Data Name="IntegrityLevel">Medium</Data><Data Name="Hashes">SHA256=0000000000000000000000000000000000000000000000007B9C4A76FBB2921B,IMPHASH=00000000000000000000000000000000</Data><Data Name="ParentProcessGuid">{7c3a9e51-0b01-66f9-2a01-000000010001}</Data><Data Name="ParentProcessId">5012</Data><Data Name="ParentImage">C:\Windows\explorer.exe</Data><Data Name="ParentCommandLine">C:\Windows\explorer.exe</Data><Data Name="ParentUser">DESKTOP-RW01\rwtest</Data></EventData></Event>
<Event xmlns='http://schemas.microsoft.com/win/2004/08/events/event'><System><Provider Name='Microsoft-Windows-Sysmon' Guid='{5770385f-c22a-43e0-bf4c-06f5698ffbd9}'/><EventID>22</EventID><Version>5</Version><Level>4</Level><Task>0</Task><Opcode>0</Opcode><Keywords>0x8000000000000000</Keywords><TimeCreated SystemTime='2026-09-29T10:41:01.0030000Z'/><EventRecordID>481329</EventRecordID><Correlation/><Execution ProcessID='3120' ThreadID='4308'/><Channel>Microsoft-Windows-Sysmon/Operational</Channel><Computer>DESKTOP-RW01</Computer><Security UserID='S-1-5-18'/></System><EventData><Data Name="RuleName">-</Data><Data Name="UtcTime">2026-09-29 10:41:01.000</Data><Data Name="ProcessGuid">{7c3a9e51-0b15-66f9-2a15-000000010015}</Data><Data Name="ProcessId">8840</Data><Data Name="QueryName">example.com</Data><Data Name="QueryStatus">0</Data><Data Name="QueryResults">93.184.215.14;</Data><Data Name="Image">C:\Windows\System32\WindowsPowerShell\v1.0\powershell.exe</Data><Data Name="User">DESKTOP-RW01\rwtest</Data></EventData></Event>
<Event xmlns='http://schemas.microsoft.com/win/2004/08/events/event'><System><Provider Name='Microsoft-Windows-Sysmon' Guid='{5770385f-c22a-43e0-bf4c-06f5698ffbd9}'/><EventID>3</EventID><Version>5</Version><Level>4</Level><Task>0</Task><Opcode>0</Opcode><Keywords>0x8000000000000000</Keywords><TimeCreated SystemTime='2026-09-29T10:41:01.2030000Z'/><EventRecordID>481330</EventRecordID><Correlation/><Execution ProcessID='3120' ThreadID='4308'/><Channel>Microsoft-Windows-Sysmon/Operational</Channel><Computer>DESKTOP-RW01</Computer><Security UserID='S-1-5-18'/></System><EventData><Data Name="RuleName">-</Data><Data Name="UtcTime">2026-09-29 10:41:01.200</Data><Data Name="ProcessGuid">{7c3a9e51-0b15-66f9-2a15-000000010015}</Data><Data Name="ProcessId">8840</Data><Data Name="Image">C:\Windows\System32\WindowsPowerShell\v1.0\powershell.exe</Data><Data Name="User">DESKTOP-RW01\rwtest</Data><Data Name="Protocol">tcp</Data><Data Name="Initiated">true</Data><Data Name="SourceIsIpv6">false</Data><Data Name="SourceIp">192.168.1.50</Data><Data Name="SourceHostname">DESKTOP-RW01</Data><Data Name="SourcePort">53011</Data><Data Name="SourcePortName">-</Data><Data Name="DestinationIsIpv6">false</Data><Data Name="DestinationIp">93.184.215.14</Data><Data Name="DestinationHostname">example.com</Data><Data Name="DestinationPort">443</Data><Data Name="DestinationPortName">https</Data></EventData></Event>
<Event xmlns='http://schemas.microsoft.com/win/2004/08/events/event'><System><Provider Name='Microsoft-Windows-Sysmon' Guid='{5770385f-c22a-43e0-bf4c-06f5698ffbd9}'/><EventID>5</EventID><Version>5</Version><Level>4</Level><Task>0</Task><Opcode>0</Opcode><Keywords>0x8000000000000000</Keywords><TimeCreated SystemTime='2026-09-29T10:41:03.0030000Z'/><EventRecordID>481331</EventRecordID><Correlation/><Execution ProcessID='3120' ThreadID='4308'/><Channel>Microsoft-Windows-Sysmon/Operational</Channel><Computer>DESKTOP-RW01</Computer><Security UserID='S-1-5-18'/></System><EventData><Data Name="RuleName">-</Data><Data Name="UtcTime">2026-09-29 10:41:03.000</Data><Data Name="ProcessGuid">{7c3a9e51-0b15-66f9-2a15-000000010015}</Data><Data Name="ProcessId">8840</Data><Data Name="Image">C:\Windows\System32\WindowsPowerShell\v1.0\powershell.exe</Data><Data Name="User">DESKTOP-RW01\rwtest</Data></EventData></Event>
<Event xmlns='http://schemas.microsoft.com/win/2004/08/events/event'><System><Provider Name='Microsoft-Windows-Sysmon' Guid='{5770385f-c22a-43e0-bf4c-06f5698ffbd9}'/><EventID>1</EventID><Version>5</Version><Level>4</Level><Task>0</Task><Opcode>0</Opcode><Keywords>0x8000000000000000</Keywords><TimeCreated SystemTime='2026-09-29T10:50:00.0030000Z'/><EventRecordID>481332</EventRecordID><Correlation/><Execution ProcessID='3120' ThreadID='4308'/><Channel>Microsoft-Windows-Sysmon/Operational</Channel><Computer>DESKTOP-RW01</Computer><Security UserID='S-1-5-18'/></System><EventData><Data Name="RuleName">-</Data><Data Name="UtcTime">2026-09-29 10:50:00.000</Data><Data Name="ProcessGuid">{7c3a9e51-0b1f-66f9-2a1f-00000001001f}</Data><Data Name="ProcessId">9104</Data><Data Name="Image">C:\Windows\System32\WindowsPowerShell\v1.0\powershell.exe</Data><Data Name="FileVersion">10.0.22621.1</Data><Data Name="Description">powershell.exe</Data><Data Name="Product">-</Data><Data Name="Company">-</Data><Data Name="OriginalFileName">powershell.exe</Data><Data Name="CommandLine">powershell.exe -NoProfile -EncodedCommand UwB0AGEAcgB0AC0AUAByAG8AYwBlAHMAcwAgAC0AVwBhAGkAdAAgAC0AVwBpAG4AZABvAHcAUwB0AHkAbABlACAASABpAGQAZABlAG4AIABjAG0AZAAuAGUAeABlACAALQBBAHIAZwB1AG0AZQBuAHQATABpAHMAdAAgACcALwBjACAAdwBoAG8AYQBtAGkAIAAvAGEAbABsACAAPgAgAE4AVQBMACAAJgAgAHAAaQBuAGcAIAAtAG4AIAAxACAAMQAyADcALgAwAC4AMAAuADEAIAA+ACAATgBVAEwAJwA=</Data><Data Name="CurrentDirectory">C:\Users\rwtest\</Data><Data Name="User">DESKTOP-RW01\rwtest</Data><Data Name="LogonGuid">{7c3a9e51-0001-66f9-2a00-000000001000}</Data><Data Name="LogonId">0x3e1a2</Data><Data Name="TerminalSessionId">1</Data><Data Name="IntegrityLevel">Medium</Data><Data Name="Hashes">SHA256=0000000000000000000000000000000000000000000000007B9C4A76FBB2921B,IMPHASH=00000000000000000000000000000000</Data><Data Name="ParentProcessGuid">{7c3a9e51-0b01-66f9-2a01-000000010001}</Data><Data Name="ParentProcessId">5012</Data><Data Name="ParentImage">C:\Windows\explorer.exe</Data><Data Name="ParentCommandLine">C:\Windows\explorer.exe</Data><Data Name="ParentUser">DESKTOP-RW01\rwtest</Data></EventData></Event>
<Event xmlns='http://schemas.microsoft.com/win/2004/08/events/event'><System><Provider Name='Microsoft-Windows-Sysmon' Guid='{5770385f-c22a-43e0-bf4c-06f5698ffbd9}'/><EventID>1</EventID><Version>5</Version><Level>4</Level><Task>0</Task><Opcode>0</Opcode><Keywords>0x8000000000000000</Keywords><TimeCreated SystemTime='2026-09-29T10:50:01.0030000Z'/><EventRecordID>481333</EventRecordID><Correlation/><Execution ProcessID='3120' ThreadID='4308'/><Channel>Microsoft-Windows-Sysmon/Operational</Channel><Computer>DESKTOP-RW01</Computer><Security UserID='S-1-5-18'/></System><EventData><Data Name="RuleName">-</Data><Data Name="UtcTime">2026-09-29 10:50:01.000</Data><Data Name="ProcessGuid">{7c3a9e51-0b20-66f9-2a20-000000010020}</Data><Data Name="ProcessId">9188</Data><Data Name="Image">C:\Windows\System32\cmd.exe</Data><Data Name="FileVersion">10.0.22621.1</Data><Data Name="Description">cmd.exe</Data><Data Name="Product">-</Data><Data Name="Company">-</Data><Data Name="OriginalFileName">cmd.exe</Data><Data Name="CommandLine">"C:\Windows\System32\cmd.exe" /c whoami /all &gt; NUL &amp; ping -n 1 127.0.0.1 &gt; NUL</Data><Data Name="CurrentDirectory">C:\Users\rwtest\</Data><Data Name="User">DESKTOP-RW01\rwtest</Data><Data Name="LogonGuid">{7c3a9e51-0001-66f9-2a00-000000001000}</Data><Data Name="LogonId">0x3e1a2</Data><Data Name="TerminalSessionId">1</Data><Data Name="IntegrityLevel">Medium</Data><Data Name="Hashes">SHA256=0000000000000000000000000000000000000000000000007E1C2D0160834B1C,IMPHASH=00000000000000000000000000000000</Data><Data Name="ParentProcessGuid">{7c3a9e51-0b1f-66f9-2a1f-00000001001f}</Data><Data Name="ParentProcessId">9104</Data><Data Name="ParentImage">C:\Windows\System32\WindowsPowerShell\v1.0\powershell.exe</Data><Data Name="ParentCommandLine">powershell.exe -NoProfile -EncodedCommand UwB0AGEAcgB0AC0AUAByAG8AYwBlAHMAcwAgAC0AVwBhAGkAdAAgAC0AVwBpAG4AZABvAHcAUwB0AHkAbABlACAASABpAGQAZABlAG4AIABjAG0AZAAuAGUAeABlACAALQBBAHIAZwB1AG0AZQBuAHQATABpAHMAdAAgACcALwBjACAAdwBoAG8AYQBtAGkAIAAvAGEAbABsACAAPgAgAE4AVQBMACAAJgAgAHAAaQBuAGcAIAAtAG4AIAAxACAAMQAyADcALgAwAC4AMAAuADEAIAA+ACAATgBVAEwAJwA=</Data><Data Name="ParentUser">DESKTOP-RW01\rwtest</Data></EventData></Event>
<Event xmlns='http://schemas.microsoft.com/win/2004/08/events/event'><System><Provider Name='Microsoft-Windows-Sysmon' Guid='{5770385f-c22a-43e0-bf4c-06f5698ffbd9}'/><EventID>1</EventID><Version>5</Version><Level>4</Level><Task>0</Task><Opcode>0</Opcode><Keywords>0x8000000000000000</Keywords><TimeCreated SystemTime='2026-09-29T10:50:01.3030000Z'/><EventRecordID>481334</EventRecordID><Correlation/><Execution ProcessID='3120' ThreadID='4308'/><Channel>Microsoft-Windows-Sysmon/Operational</Channel><Computer>DESKTOP-RW01</Computer><Security UserID='S-1-5-18'/></System><EventData><Data Name="RuleName">-</Data><Data Name="UtcTime">2026-09-29 10:50:01.300</Data><Data Name="ProcessGuid">{7c3a9e51-0b21-66f9-2a21-000000010021}</Data><Data Name="ProcessId">9220</Data><Data Name="Image">C:\Windows\System32\whoami.exe</Data><Data Name="FileVersion">10.0.22621.1</Data><Data Name="Description">whoami.exe</Data><Data Name="Product">-</Data><Data Name="Company">-</Data><Data Name="OriginalFileName">whoami.exe</Data><Data Name="CommandLine">whoami  /all</Data><Data Name="CurrentDirectory">C:\Users\rwtest\</Data><Data Name="User">DESKTOP-RW01\rwtest</Data><Data Name="LogonGuid">{7c3a9e51-0001-66f9-2a00-000000001000}</Data><Data Name="LogonId">0x3e1a2</Data><Data Name="TerminalSessionId">1</Data><Data Name="IntegrityLevel">Medium</Data><Data Name="Hashes">SHA256=FFFFFFFFFFFFFFFFFFFFFFFFFFFFFFFFFFFFFFFFFFFFFFFFA3FB07F97526287F,IMPHASH=FFFFFFFFFFFFFFFFFFFFFFFFFFFFFFFF</Data><Data Name="ParentProcessGuid">{7c3a9e51-0b20-66f9-2a20-000000010020}</Data><Data Name="ParentProcessId">9188</Data><Data Name="ParentImage">C:\Windows\System32\cmd.exe</Data><Data Name="ParentCommandLine">cmd.exe /c whoami /all &gt; NUL &amp; ping -n 1 127.0.0.1 &gt; NUL</Data><Data Name="ParentUser">DESKTOP-RW01\rwtest</Data></EventData></Event>
<Event xmlns='http://schemas.microsoft.com/win/2004/08/events/event'><System><Provider Name='Microsoft-Windows-Sysmon' Guid='{5770385f-c22a-43e0-bf4c-06f5698ffbd9}'/><EventID>5</EventID><Version>5</Version><Level>4</Level><Task>0</Task><Opcode>0</Opcode><Keywords>0x8000000000000000</Keywords><TimeCreated SystemTime='2026-09-29T10:50:01.9030000Z'/><EventRecordID>481335</EventRecordID><Correlation/><Execution ProcessID='3120' ThreadID='4308'/><Channel>Microsoft-Windows-Sysmon/Operational</Channel><Computer>DESKTOP-RW01</Computer><Security UserID='S-1-5-18'/></System><EventData><Data Name="RuleName">-</Data><Data Name="UtcTime">2026-09-29 10:50:01.900</Data><Data Name="ProcessGuid">{7c3a9e51-0b21-66f9-2a21-000000010021}</Data><Data Name="ProcessId">9220</Data><Data Name="Image">C:\Windows\System32\whoami.exe</Data><Data Name="User">DESKTOP-RW01\rwtest</Data></EventData></Event>
<Event xmlns='http://schemas.microsoft.com/win/2004/08/events/event'><System><Provider Name='Microsoft-Windows-Sysmon' Guid='{5770385f-c22a-43e0-bf4c-06f5698ffbd9}'/><EventID>1</EventID><Version>5</Version><Level>4</Level><Task>0</Task><Opcode>0</Opcode><Keywords>0x8000000000000000</Keywords><TimeCreated SystemTime='2026-09-29T10:50:02.0030000Z'/><EventRecordID>481336</EventRecordID><Correlation/><Execution ProcessID='3120' ThreadID='4308'/><Channel>Microsoft-Windows-Sysmon/Operational</Channel><Computer>DESKTOP-RW01</Computer><Security UserID='S-1-5-18'/></System><EventData><Data Name="RuleName">-</Data><Data Name="UtcTime">2026-09-29 10:50:02.000</Data><Data Name="ProcessGuid">{7c3a9e51-0b22-66f9-2a22-000000010022}</Data><Data Name="ProcessId">9244</Data><Data Name="Image">C:\Windows\System32\PING.EXE</Data><Data Name="FileVersion">10.0.22621.1</Data><Data Name="Description">PING.EXE</Data><Data Name="Product">-</Data><Data Name="Company">-</Data><Data Name="OriginalFileName">PING.EXE</Data><Data Name="CommandLine">ping  -n 1 127.0.0.1</Data><Data Name="CurrentDirectory">C:\Users\rwtest\</Data><Data Name="User">DESKTOP-RW01\rwtest</Data><Data Name="LogonGuid">{7c3a9e51-0001-66f9-2a00-000000001000}</Data><Data Name="LogonId">0x3e1a2</Data><Data Name="TerminalSessionId">1</Data><Data Name="IntegrityLevel">Medium</Data><Data Name="Hashes">SHA256=000000000000000000000000000000000000000000000000214F97114B100F2E,IMPHASH=00000000000000000000000000000000</Data><Data Name="ParentProcessGuid">{7c3a9e51-0b20-66f9-2a20-000000010020}</Data><Data Name="ParentProcessId">9188</Data><Data Name="ParentImage">C:\Windows\System32\cmd.exe</Data><Data Name="ParentCommandLine">cmd.exe /c whoami /all &gt; NUL &amp; ping -n 1 127.0.0.1 &gt; NUL</Data><Data Name="ParentUser">DESKTOP-RW01\rwtest</Data></EventData></Event>
<Event xmlns='http://schemas.microsoft.com/win/2004/08/events/event'><System><Provider Name='Microsoft-Windows-Sysmon' Guid='{5770385f-c22a-43e0-bf4c-06f5698ffbd9}'/><EventID>5</EventID><Version>5</Version><Level>4</Level><Task>0</Task><Opcode>0</Opcode><Keywords>0x8000000000000000</Keywords><TimeCreated SystemTime='2026-09-29T10:50:03.0030000Z'/><EventRecordID>481337</EventRecordID><Correlation/><Execution ProcessID='3120' ThreadID='4308'/><Channel>Microsoft-Windows-Sysmon/Operational</Channel><Computer>DESKTOP-RW01</Computer><Security UserID='S-1-5-18'/></System><EventData><Data Name="RuleName">-</Data><Data Name="UtcTime">2026-09-29 10:50:03.000</Data><Data Name="ProcessGuid">{7c3a9e51-0b22-66f9-2a22-000000010022}</Data><Data Name="ProcessId">9244</Data><Data Name="Image">C:\Windows\System32\PING.EXE</Data><Data Name="User">DESKTOP-RW01\rwtest</Data></EventData></Event>
<Event xmlns='http://schemas.microsoft.com/win/2004/08/events/event'><System><Provider Name='Microsoft-Windows-Sysmon' Guid='{5770385f-c22a-43e0-bf4c-06f5698ffbd9}'/><EventID>5</EventID><Version>5</Version><Level>4</Level><Task>0</Task><Opcode>0</Opcode><Keywords>0x8000000000000000</Keywords><TimeCreated SystemTime='2026-09-29T10:50:03.1030000Z'/><EventRecordID>481338</EventRecordID><Correlation/><Execution ProcessID='3120' ThreadID='4308'/><Channel>Microsoft-Windows-Sysmon/Operational</Channel><Computer>DESKTOP-RW01</Computer><Security UserID='S-1-5-18'/></System><EventData><Data Name="RuleName">-</Data><Data Name="UtcTime">2026-09-29 10:50:03.100</Data><Data Name="ProcessGuid">{7c3a9e51-0b20-66f9-2a20-000000010020}</Data><Data Name="ProcessId">9188</Data><Data Name="Image">C:\Windows\System32\cmd.exe</Data><Data Name="User">DESKTOP-RW01\rwtest</Data></EventData></Event>
<Event xmlns='http://schemas.microsoft.com/win/2004/08/events/event'><System><Provider Name='Microsoft-Windows-Sysmon' Guid='{5770385f-c22a-43e0-bf4c-06f5698ffbd9}'/><EventID>5</EventID><Version>5</Version><Level>4</Level><Task>0</Task><Opcode>0</Opcode><Keywords>0x8000000000000000</Keywords><TimeCreated SystemTime='2026-09-29T10:50:03.2030000Z'/><EventRecordID>481339</EventRecordID><Correlation/><Execution ProcessID='3120' ThreadID='4308'/><Channel>Microsoft-Windows-Sysmon/Operational</Channel><Computer>DESKTOP-RW01</Computer><Security UserID='S-1-5-18'/></System><EventData><Data Name="RuleName">-</Data><Data Name="UtcTime">2026-09-29 10:50:03.200</Data><Data Name="ProcessGuid">{7c3a9e51-0b1f-66f9-2a1f-00000001001f}</Data><Data Name="ProcessId">9104</Data><Data Name="Image">C:\Windows\System32\WindowsPowerShell\v1.0\powershell.exe</Data><Data Name="User">DESKTOP-RW01\rwtest</Data></EventData></Event>
</Events>
