<Events>
<Event xmlns='http://schemas.microsoft.com/win/2004/08/events/event'><System><Provider Name='Microsoft-Windows-Security-Auditing' Guid='{54849625-5478-4994-a5ba-3e3b0328c30d}'/><EventID>4624</EventID><Version>5</Version><Level>0</Level><Task>0</Task><Opcode>0</Opcode><Keywords>0x8000000000000000</Keywords><TimeCreated SystemTime='2026-09-29T08:00:00.0030000Z'/><EventRecordID>902310</EventRecordID><Correlation/><Execution ProcessID='4' ThreadID='1192'/><Channel>Security</Channel><Computer>DESKTOP-RW05</Computer><Security UserID='S-1-5-18'/></System><EventData><Data Name="SubjectUserSid">S-1-5-18</Data><Data Name="SubjectUserName">DESKTOP-RW05$</Data><Data Name="SubjectDomainName">WORKGROUP</Data><Data Name="SubjectLogonId">0x3e7</Data><Data Name="TargetUserSid">S-1-5-18</Data><Data Name="TargetUserName">SYSTEM</Data><Data Name="TargetDomainName">NT AUTHORITY</Data><Data Name="TargetLogonId">0x4f1c2</Data><Data Name="LogonType">5</Data><Data Name="LogonProcessName">Advapi</Data><Data Name="AuthenticationPackageName">Negotiate</Data><Data Name="WorkstationName">DESKTOP-RW05</Data><Data Name="ProcessId">0x5d4</Data><Data Name="ProcessName">C:\Windows\System32\svchost.exe</Data><Data Name="IpAddress">-</Data><Data Name="IpPort">0</Data></EventData></Event>
<Event xmlns='http://schemas.microsoft.com/win/2004/08/events/event'><System><Provider Name='Microsoft-Windows-Security-Auditing' Guid='{54849625-5478-4994-a5ba-3e3b0328c30d}'/><EventID>4672</EventID><Version>5</Version><Level>0</Level><Task>0</Task><Opcode>0</Opcode><Keywords>0x8000000000000000</Keywords><TimeCreated SystemTime='2026-09-29T08:00:00.0050000Z'/><EventRecordID>902311</EventRecordID><Correlation/><Execution ProcessID='4' ThreadID='1192'/><Channel>Security</Channel><Computer>DESKTOP-RW05</Computer><Security UserID='S-1-5-18'/></System><EventData><Data Name="SubjectUserSid">S-1-5-18</Data><Data Name="SubjectUserName">SYSTEM</Data><Data Name="SubjectDomainName">NT AUTHORITY</Data><Data Name="SubjectLogonId">0x3e7</Data><Data Name="PrivilegeList">SeAssignPrimaryTokenPrivilege
			SeTcbPrivilege</Data></EventData></Event>
<Event xmlns='http://schemas.microsoft.com/win/2004/08/events/event'><System><Provider Name='Microsoft-Windows-Security-Auditing' Guid='{54849625-5478-4994-a5ba-3e3b0328c30d}'/><EventID>4624</EventID><Version>5</Version><Level>0</Level><Task>0</Task><Opcode>0</Opcode><Keywords>0x8000000000000000</Keywords><TimeCreated SystemTime='2026-09-29T08:10:00.0030000Z'/><EventRecordID>902312</EventRecordID><Correlation/><Execution ProcessID='4' ThreadID='1192'/><Channel>Security</Channel><Computer>DESKTOP-RW05</Computer><Security UserID='S-1-5-18'/></System><EventData><Data Name="SubjectUserSid">S-1-5-18</Data><Data Name="SubjectUserName">DESKTOP-RW05$</Data><Data Name="SubjectDomainName">WORKGROUP</Data><Data Name="SubjectLogonId">0x3e7</Data><Data Name="TargetUserSid">S-1-5-18</Data><Data Name="TargetUserName">SYSTEM</Data><Data Name="TargetDomainName">NT AUTHORITY</Data><Data Name="TargetLogonId">0x4f1c2</Data><Data Name="LogonType">5</Data><Data Name="LogonProcessName">Advapi</Data><Data Name="AuthenticationPackageName">Negotiate</Data><Data Name="WorkstationName">DESKTOP-RW05</Data><Data Name="ProcessId">0x5d4</Data><Data Name="ProcessName">C:\Windows\System32\svchost.exe</Data><Data Name="IpAddress">-</Data><Data Name="IpPort">0</Data></EventData></Event>
<Event xmlns='http://schemas.microsoft.com/win/2004/08/events/event'><System><Provider Name='Microsoft-Windows-Security-Auditing' Guid='{54849625-5478-4994-a5ba-3e3b0328c30d}'/><EventID>4624</EventID><Version>5</Version><Level>0</Level><Task>0</Task><Opcode>0</Opcode><Keywords>0x8000000000000000</Keywords><TimeCreated SystemTime='2026-09-29T08:20:00.0030000Z'/><EventRecordID>902313</EventRecordID><Correlation/><Execution ProcessID='4' ThreadID='1192'/><Channel>Security</Channel><Computer>DESKTOP-RW05</Computer><Security UserID='S-1-5-18'/></System><EventData><Data Name="SubjectUserSid">S-1-5-18</Data><Data Name="SubjectUserName">DESKTOP-RW05$</Data><Data Name="SubjectDomainName">WORKGROUP</Data><Data Name="SubjectLogonId">0x3e7</Data><Data Name="TargetUserSid">S-1-5-18</Data><Data Name="TargetUserName">SYSTEM</Data><Data Name="TargetDomainName">NT AUTHORITY</Data><Data Name="TargetLogonId">0x4f1c2</Data><Data Name="LogonType">5</Data><Data Name="LogonProcessName">Advapi</Data><Data Name="AuthenticationPackageName">Negotiate</Data><Data Name="WorkstationName">DESKTOP-RW05</Data><Data Name="ProcessId">0x5d4</Data><Data Name="ProcessName">C:\Windows\System32\svchost.exe</Data><Data Name="IpAddress">-</Data><Data Name="IpPort">0</Data></EventData></Event>
<Event xmlns='http://schemas.microsoft.com/win/2004/08/events/event'><System><Provider Name='Microsoft-Windows-Security-Auditing' Guid='{54849625-5478-4994-a5ba-3e3b0328c30d}'/><EventID>4624</EventID><Version>5</Version><Level>0</Level><Task>0</Task><Opcode>0</Opcode><Keywords>0x8000000000000000</Keywords><TimeCreated SystemTime='2026-09-29T08:30:00.0030000Z'/><EventRecordID>902314</EventRecordID><Correlation/><Execution ProcessID='4' ThreadID='1192'/><Channel>Security</Channel><Computer>DESKTOP-RW05</Computer><Security UserID='S-1-5-18'/></System><EventData><Data Name="SubjectUserSid">S-1-5-18</Data><Data Name="SubjectUserName">DESKTOP-RW05$</Data><Data Name="SubjectDomainName">WORKGROUP</Data><Data Name="SubjectLogonId">0x3e7</Data><Data Name="TargetUserSid">S-1-5-18</Data><Data Name="TargetUserName">SYSTEM</Data><Data Name="TargetDomainName">NT AUTHORITY</Data><Data Name="TargetLogonId">0x4f1c2</Data><Data Name="LogonType">5</Data><Data Name="LogonProcessName">Advapi</Data><Data Name="AuthenticationPackageName">Negotiate</Data><Data Name="WorkstationName">DESKTOP-RW05</Data><Data Name="ProcessId">0x5d4</Data><Data Name="ProcessName">C:\Windows\System32\svchost.exe</Data><Data Name="IpAddress">-</Data><Data Name="IpPort">0</Data></EventData></Event>
<Event xmlns='http://schemas.microsoft.com/win/2004/08/events/event'><System><Provider Name='Microsoft-Windows-Security-Auditing' Guid='{54849625-5478-4994-a5ba-3e3b0328c30d}'/><EventID>4624</EventID><Version>5</Version><Level>0</Level><Task>0</Task><Opcode>0</Opcode><Keywords>0x8000000000000000</Keywords><TimeCreated SystemTime='2026-09-29T08:40:00.0030000Z'/><EventRecordID>902315</EventRecordID><Correlation/><Execution ProcessID='4' ThreadID='1192'/><Channel>Security</Channel><Computer>DESKTOP-RW05</Computer><Security UserID='S-1-5-18'/></System><EventData><Data Name="SubjectUserSid">S-1-5-18</Data><Data Name="SubjectUserName">DESKTOP-RW05$</Data><Data Name="SubjectDomainName">WORKGROUP</Data><Data Name="SubjectLogonId">0x3e7</Data><Data Name="TargetUserSid">S-1-5-18</Data><Data Name="TargetUserName">SYSTEM</Data><Data Name="TargetDomainName">NT AUTHORITY</Data><Data Name="TargetLogonId">0x4f1c2</Data><Data Name="LogonType">5</Data><Data Name="LogonProcessName">Advapi</Data><Data Name="AuthenticationPackageName">Negotiate</Data><Data Name="WorkstationName">DESKTOP-RW05</Data><Data Name="ProcessId">0x5d4</Data><Data Name="ProcessName">C:\Windows\System32\svchost.exe</Data><Data Name="IpAddress">-</Data><Data Name="IpPort">0</Data></EventData></Event>
<Event xmlns='http://schemas.microsoft.com/win/2004/08/events/event'><System><Provider Name='Microsoft-Windows-Security-Auditing' Guid='{54849625-5478-4994-a5ba-3e3b0328c30d}'/><EventID>4624</EventID><Version>5</Version><Level>0</Level><Task>0</Task><Opcode>0</Opcode><Keywords>0x8000000000000000</Keywords><TimeCreated SystemTime='2026-09-29T08:50:00.0030000Z'/><EventRecordID>902316</EventRecordID><Correlation/><Execution ProcessID='4' ThreadID='1192'/><Channel>Security</Channel><Computer>DESKTOP-RW05</Computer><Security UserID='S-1-5-18'/></System><EventData><Data Name="SubjectUserSid">S-1-5-18</Data><Data Name="SubjectUserName">DESKTOP-RW05$</Data><Data Name="SubjectDomainName">WORKGROUP</Data><Data Name="SubjectLogonId">0x3e7</Data><Data Name="TargetUserSid">S-1-5-18</Data><Data Name="TargetUserName">SYSTEM</Data><Data Name="TargetDomainName">NT AUTHORITY</Data><Data Name="TargetLogonId">0x4f1c2</Data><Data Name="LogonType">5</Data><Data Name="LogonProcessName">Advapi</Data><Data Name="AuthenticationPackageName">Negotiate</Data><Data Name="WorkstationName">DESKTOP-RW05</Data><Data Name="ProcessId">0x5d4</Data><Data Name="ProcessName">C:\Windows\System32\svchost.exe</Data><Data Name="IpAddress">-</Data><Data Name="IpPort">0</Data></EventData></Event>
<Event xmlns='http://schemas.microsoft.com/win/2004/08/events/event'><System><Provider Name='Microsoft-Windows-Security-Auditing' Guid='{54849625-5478-4994-a5ba-3e3b0328c30d}'/><EventID>4624</EventID><Version>5</Version><Level>0</Level><Task>0</Task><Opcode>0</Opcode><Keywords>0x8000000000000000</Keywords><TimeCreated SystemTime='2026-09-29T09:00:00.0030000Z'/><EventRecordID>902317</EventRecordID><Correlation/><Execution ProcessID='4' ThreadID='1192'/><Channel>Security</Channel><Computer>DESKTOP-RW05</Computer><Security UserID='S-1-5-18'/></System><EventData><Data Name="SubjectUserSid">S-1-5-18</Data><Data Name="SubjectUserName">DESKTOP-RW05$</Data><Data Name="SubjectDomainName">WORKGROUP</Data><Data Name="SubjectLogonId">0x3e7</Data><Data Name="TargetUserSid">S-1-5-18</Data><Data Name="TargetUserName">SYSTEM</Data><Data Name="TargetDomainName">NT AUTHORITY</Data><Data Name="TargetLogonId">0x4f1c2</Data><Data Name="LogonType">5</Data><Data Name="LogonProcessName">Advapi</Data><Data Name="AuthenticationPackageName">Negotiate</Data><Data Name="WorkstationName">DESKTOP-RW05</Data><Data Name="ProcessId">0x5d4</Data><Data Name="ProcessName">C:\Windows\System32\svchost.exe</Data><Data Name="IpAddress">-</Data><Data Name="IpPort">0</Data></EventData></Event>
<Event xmlns='http://schemas.microsoft.com/win/2004/08/events/event'><System><Provider Name='Microsoft-Windows-Security-Auditing' Guid='{54849625-5478-4994-a5ba-3e3b0328c30d}'/><EventID>4672</EventID><Version>5</Version><Level>0</Level><Task>0</Task><Opcode>0</Opcode><Keywords>0x8000000000000000</Keywords><TimeCreated SystemTime='2026-09-29T09:00:00.0050000Z'/><EventRecordID>902318</EventRecordID><Correlation/><Execution ProcessID='4' ThreadID='1192'/><Channel>Security</Channel><Computer>DESKTOP-RW05</Computer><Security UserID='S-1-5-18'/></System><EventData><Data Name="SubjectUserSid">S-1-5-18</Data><Data Name="SubjectUserName">SYSTEM</Data><Data Name="SubjectDomainName">NT AUTHORITY</Data><Data Name="SubjectLogonId">0x3e7</Data><Data Name="PrivilegeList">SeAssignPrimaryTokenPrivilege
			SeTcbPrivilege</Data></EventData></Event>
<Event xmlns='http://schemas.microsoft.com/win/2004/08/events/event'><System><Provider Name='Microsoft-Windows-Security-Auditing' Guid='{54849625-5478-4994-a5ba-3e3b0328c30d}'/><EventID>4624</EventID><Version>5</Version><Level>0</Level><Task>0</Task><Opcode>0</Opcode><Keywords>0x8000000000000000</Keywords><TimeCreated SystemTime='2026-09-29T09:10:00.0030000Z'/><EventRecordID>902319</EventRecordID><Correlation/><Execution ProcessID='4' ThreadID='1192'/><Channel>Security</Channel><Computer>DESKTOP-RW05</Computer><Security UserID='S-1-5-18'/></System><EventData><Data Name="SubjectUserSid">S-1-5-18</Data><Data Name="SubjectUserName">DESKTOP-RW05$</Data><Data Name="SubjectDomainName">WORKGROUP</Data><Data Name="SubjectLogonId">0x3e7</Data><Data Name="TargetUserSid">S-1-5-18</Data><Data Name="TargetUserName">SYSTEM</Data><Data Name="TargetDomainName">NT AUTHORITY</Data><Data Name="TargetLogonId">0x4f1c2</Data><Data Name="LogonType">5</Data><Data Name="LogonProcessName">Advapi</Data><Data Name="AuthenticationPackageName">Negotiate</Data><Data Name="WorkstationName">DESKTOP-RW05</Data><Data Name="ProcessId">0x5d4</Data><Data Name="ProcessName">C:\Windows\System32\svchost.exe</Data><Data Name="IpAddress">-</Data><Data Name="IpPort">0</Data></EventData></Event>
<Event xmlns='http://schemas.microsoft.com/win/2004/08/events/event'><System><Provider Name='Microsoft-Windows-Security-Auditing' Guid='{54849625-5478-4994-a5ba-3e3b0328c30d}'/><EventID>4624</EventID><Version>5</Version><Level>0</Level><Task>0</Task><Opcode>0</Opcode><Keywords>0x8000000000000000</Keywords><TimeCreated SystemTime='2026-09-29T09:20:00.0030000Z'/><EventRecordID>902320</EventRecordID><Correlation/><Execution ProcessID='4' ThreadID='1192'/><Channel>Security</Channel><Computer>DESKTOP-RW05</Computer><Security UserID='S-1-5-18'/></System><EventData><Data Name="SubjectUserSid">S-1-5-18</Data><Data Name="SubjectUserName">DESKTOP-RW05$</Data><Data Name="SubjectDomainName">WORKGROUP</Data><Data Name="SubjectLogonId">0x3e7</Data><Data Name="TargetUserSid">S-1-5-18</Data><Data Name="TargetUserName">SYSTEM</Data><Data Name="TargetDomainName">NT AUTHORITY</Data><Data Name="TargetLogonId">0x4f1c2</Data><Data Name="LogonType">5</Data><Data Name="LogonProcessName">Advapi</Data><Data Name="AuthenticationPackageName">Negotiate</Data><Data Name="WorkstationName">DESKTOP-RW05</Data><Data Name="ProcessId">0x5d4</Data><Data Name="ProcessName">C:\Windows\System32\svchost.exe</Data><Data Name="IpAddress">-</Data><Data Name="IpPort">0</Data></EventData></Event>
<Event xmlns='http://schemas.microsoft.com/win/2004/08/events/event'><System><Provider Name='Microsoft-Windows-Security-Auditing' Guid='{54849625-5478-4994-a5ba-3e3b0328c30d}'/><EventID>4624</EventID><Version>5</Version><Level>0</Level><Task>0</Task><Opcode>0</Opcode><Keywords>0x8000000000000000</Keywords><TimeCreated SystemTime='2026-09-29T09:30:00.0030000Z'/><EventRecordID>902321</EventRecordID><Correlation/><Execution ProcessID='4' ThreadID='1192'/><Channel>Security</Channel><Computer>DESKTOP-RW05</Computer><Security UserID='S-1-5-18'/></System><EventData><Data Name="SubjectUserSid">S-1-5-18</Data><Data Name="SubjectUserName">DESKTOP-RW05$</Data><Data Name="SubjectDomainName">WORKGROUP</Data><Data Name="SubjectLogonId">0x3e7</Data><Data Name="TargetUserSid">S-1-5-18</Data><Data Name="TargetUserName">SYSTEM</Data><Data Name="TargetDomainName">NT AUTHORITY</Data><Data Name="TargetLogonId">0x4f1c2</Data><Data Name="LogonType">5</Data><Data Name="LogonProcessName">Advapi</Data><Data Name="AuthenticationPackageName">Negotiate</Data><Data Name="WorkstationName">DESKTOP-RW05</Data><Data Name="ProcessId">0x5d4</Data><Data Name="ProcessName">C:\Windows\System32\svchost.exe</Data><Data Name="IpAddress">-</Data><Data Name="IpPort">0</Data></EventData></Event>
<Event xmlns='http://schemas.microsoft.com/win/2004/08/events/event'><System><Provider Name='Microsoft-Windows-Security-Auditing' Guid='{54849625-5478-4994-a5ba-3e3b0328c30d}'/><EventID>4624</EventID><Version>5</Version><Level>0</Level><Task>0</Task><Opcode>0</Opcode><Keywords>0x8000000000000000</Keywords><TimeCreated SystemTime='2026-09-29T09:40:00.0030000Z'/><EventRecordID>902322</EventRecordID><Correlation/><Execution ProcessID='4' ThreadID='1192'/><Channel>Security</Channel><Computer>DESKTOP-RW05</Computer><Security UserID='S-1-5-18'/></System><EventData><Data Name="SubjectUserSid">S-1-5-18</Data><Data Name="SubjectUserName">DESKTOP-RW05$</Data><Data Name="SubjectDomainName">WORKGROUP</Data><Data Name="SubjectLogonId">0x3e7</Data><Data Name="TargetUserSid">S-1-5-18</Data><Data Name="TargetUserName">SYSTEM</Data><Data Name="TargetDomainName">NT AUTHORITY</Data><Data Name="TargetLogonId">0x4f1c2</Data><Data Name="LogonType">5</Data><Data Name="LogonProcessName">Advapi</Data><Data Name="AuthenticationPackageName">Negotiate</Data><Data Name="WorkstationName">DESKTOP-RW05</Data><Data Name="ProcessId">0x5d4</Data><Data Name="ProcessName">C:\Windows\System32\svchost.exe</Data><Data Name="IpAddress">-</Data><Data Name="IpPort">0</Data></EventData></Event>
<Event xmlns='http://schemas.microsoft.com/win/2004/08/events/event'><System><Provider Name='Microsoft-Windows-Security-Auditing' Guid='{54849625-5478-4994-a5ba-3e3b0328c30d}'/><EventID>4624</EventID><Version>5</Version><Level>0</Level><Task>0</Task><Opcode>0</Opcode><Keywords>0x8000000000000000</Keywords><TimeCreated SystemTime='2026-09-29T09:50:00.0030000Z'/><EventRecordID>902323</EventRecordID><Correlation/><Execution ProcessID='4' ThreadID='1192'/><Channel>Security</Channel><Computer>DESKTOP-RW05</Computer><Security UserID='S-1-5-18'/></System><EventData><Data Name="SubjectUserSid">S-1-5-18</Data><Data Name="SubjectUserName">DESKTOP-RW05$</Data><Data Name="SubjectDomainName">WORKGROUP</Data><Data Name="SubjectLogonId">0x3e7</Data><Data Name="TargetUserSid">S-1-5-18</Data><Data Name="TargetUserName">SYSTEM</Data><Data Name="TargetDomainName">NT AUTHORITY</Data><Data Name="TargetLogonId">0x4f1c2</Data><Data Name="LogonType">5</Data><Data Name="LogonProcessName">Advapi</Data><Data Name="AuthenticationPackageName">Negotiate</Data><Data Name="WorkstationName">DESKTOP-RW05</Data><Data Name="ProcessId">0x5d4</Data><Data Name="ProcessName">C:\Windows\System32\svchost.exe</Data><Data Name="IpAddress">-</Data><Data Name="IpPort">0</Data></EventData></Event>
<Event xmlns='http://schemas.microsoft.com/win/2004/08/events/event'><System><Provider Name='Microsoft-Windows-Security-Auditing' Guid='{54849625-5478-4994-a5ba-3e3b0328c30d}'/><EventID>4624</EventID><Version>5</Version><Level>0</Level><Task>0</Task><Opcode>0</Opcode><Keywords>0x8000000000000000</Keywords><TimeCreated SystemTime='2026-09-29T10:00:00.0030000Z'/><EventRecordID>902324</EventRecordID><Correlation/><Execution ProcessID='4' ThreadID='1192'/><Channel>Security</Channel><Computer>DESKTOP-RW05</Computer><Security UserID='S-1-5-18'/></System><EventData><Data Name="SubjectUserSid">S-1-5-18</Data><Data Name="SubjectUserName">DESKTOP-RW05$</Data><Data Name="SubjectDomainName">WORKGROUP</Data><Data Name="SubjectLogonId">0x3e7</Data><Data Name="TargetUserSid">S-1-5-18</Data><Data Name="TargetUserName">SYSTEM</Data><Data Name="TargetDomainName">NT AUTHORITY</Data><Data Name="TargetLogonId">0x4f1c2</Data><Data Name="LogonType">5</Data><Data Name="LogonProcessName">Advapi</Data><Data Name="AuthenticationPackageName">Negotiate</Data><Data Name="WorkstationName">DESKTOP-RW05</Data><Data Name="ProcessId">0x5d4</Data><Data Name="ProcessName">C:\Windows\System32\svchost.exe</Data><Data Name="IpAddress">-</Data><Data Name="IpPort">0</Data></EventData></Event>
<Event xmlns='http://schemas.microsoft.com/win/2004/08/events/event'><System><Provider Name='Microsoft-Windows-Security-Auditing' Guid='{54849625-5478-4994-a5ba-3e3b0328c30d}'/><EventID>4672</EventID><Version>5</Version><Level>0</Level><Task>0</Task><Opcode>0</Opcode><Keywords>0x8000000000000000</Keywords><TimeCreated SystemTime='2026-09-29T10:00:00.0050000Z'/><EventRecordID>902325</EventRecordID><Correlation/><Execution ProcessID='4' ThreadID='1192'/><Channel>Security</Channel><Computer>DESKTOP-RW05</Computer><Security UserID='S-1-5-18'/></System><EventData><Data Name="SubjectUserSid">S-1-5-18</Data><Data Name="SubjectUserName">SYSTEM</Data><Data Name="SubjectDomainName">NT AUTHORITY</Data><Data Name="SubjectLogonId">0x3e7</Data><Data Name="PrivilegeList">SeAssignPrimaryTokenPrivilege
			SeTcbPrivilege</Data></EventData></Event>
<Event xmlns='http://schemas.microsoft.com/win/2004/08/events/event'><System><Provider Name='Microsoft-Windows-Security-Auditing' Guid='{54849625-5478-4994-a5ba-3e3b0328c30d}'/><EventID>4624</EventID><Version>5</Version><Level>0</Level><Task>0</Task><Opcode>0</Opcode><Keywords>0x8000000000000000</Keywords><TimeCreated SystemTime='2026-09-29T10:10:00.0030000Z'/><EventRecordID>902326</EventRecordID><Correlation/><Execution ProcessID='4' ThreadID='1192'/><Channel>Security</Channel><Computer>DESKTOP-RW05</Computer><Security UserID='S-1-5-18'/></System><EventData><Data Name="SubjectUserSid">S-1-5-18</Data><Data Name="SubjectUserName">DESKTOP-RW05$</Data><Data Name="SubjectDomainName">WORKGROUP</Data><Data Name="SubjectLogonId">0x3e7</Data><Data Name="TargetUserSid">S-1-5-18</Data><Data Name="TargetUserName">SYSTEM</Data><Data Name="TargetDomainName">NT AUTHORITY</Data><Data Name="TargetLogonId">0x4f1c2</Data><Data Name="LogonType">5</Data><Data Name="LogonProcessName">Advapi</Data><Data Name="AuthenticationPackageName">Negotiate</Data><Data Name="WorkstationName">DESKTOP-RW05</Data><Data Name="ProcessId">0x5d4</Data><Data Name="ProcessName">C:\Windows\System32\svchost.exe</Data><Data Name="IpAddress">-</Data><Data Name="IpPort">0</Data></EventData></Event>
<Event xmlns='http://schemas.microsoft.com/win/2004/08/events/event'><System><Provider Name='Microsoft-Windows-Security-Auditing' Guid='{54849625-5478-4994-a5ba-3e3b0328c30d}'/><EventID>4624</EventID><Version>5</Version><Level>0</Level><Task>0</Task><Opcode>0</Opcode><Keywords>0x8000000000000000</Keywords><TimeCreated SystemTime='2026-09-29T10:20:00.0030000Z'/><EventRecordID>902327</EventRecordID><Correlation/><Execution ProcessID='4' ThreadID='1192'/><Channel>Security</Channel><Computer>DESKTOP-RW05</Computer><Security UserID='S-1-5-18'/></System><EventData><Data Name="SubjectUserSid">S-1-5-18</Data><Data Name="SubjectUserName">DESKTOP-RW05$</Data><Data Name="SubjectDomainName">WORKGROUP</Data><Data Name="SubjectLogonId">0x3e7</Data><Data Name="TargetUserSid">S-1-5-18</Data><Data Name="TargetUserName">SYSTEM</Data><Data Name="TargetDomainName">NT AUTHORITY</Data><Data Name="TargetLogonId">0x4f1c2</Data><Data Name="LogonType">5</Data><Data Name="LogonProcessName">Advapi</Data><Data Name="AuthenticationPackageName">Negotiate</Data><Data Name="WorkstationName">DESKTOP-RW05</Data><Data Name="ProcessId">0x5d4</Data><Data Name="ProcessName">C:\Windows\System32\svchost.exe</Data><Data Name="IpAddress">-</Data><Data Name="IpPort">0</Data></EventData></Event>
<Event xmlns='http://schemas.microsoft.com/win/2004/08/events/event'><System><Provider Name='Microsoft-Windows-Security-Auditing' Guid='{54849625-5478-4994-a5ba-3e3b0328c30d}'/><EventID>4624</EventID><Version>5</Version><Level>0</Level><Task>0</Task><Opcode>0</Opcode><Keywords>0x8000000000000000</Keywords><TimeCreated SystemTime='2026-09-29T10:30:00.0030000Z'/><EventRecordID>902328</EventRecordID><Correlation/><Execution ProcessID='4' ThreadID='1192'/><Channel>Security</Channel><Computer>DESKTOP-RW05</Computer><Security UserID='S-1-5-18'/></System><EventData><Data Name="SubjectUserSid">S-1-5-18</Data><Data Name="SubjectUserName">DESKTOP-RW05$</Data><Data Name="SubjectDomainName">WORKGROUP</Data><Data Name="SubjectLogonId">0x3e7</Data><Data Name="TargetUserSid">S-1-5-18</Data><Data Name="TargetUserName">SYSTEM</Data><Data Name="TargetDomainName">NT AUTHORITY</Data><Data Name="TargetLogonId">0x4f1c2</Data><Data Name="LogonType">5</Data><Data Name="LogonProcessName">Advapi</Data><Data Name="AuthenticationPackageName">Negotiate</Data><Data Name="WorkstationName">DESKTOP-RW05</Data><Data Name="ProcessId">0x5d4</Data><Data Name="ProcessName">C:\Windows\System32\svchost.exe</Data><Data Name="IpAddress">-</Data><Data Name="IpPort">0</Data></EventData></Event>
<Event xmlns='http://schemas.microsoft.com/win/2004/08/events/event'><System><Provider Name='Microsoft-Windows-Security-Auditing' Guid='{54849625-5478-4994-a5ba-3e3b0328c30d}'/><EventID>4624</EventID><Version>5</Version><Level>0</Level><Task>0</Task><Opcode>0</Opcode><Keywords>0x8000000000000000</Keywords><TimeCreated SystemTime='2026-09-29T10:40:00.0030000Z'/><EventRecordID>902329</EventRecordID><Correlation/><Execution ProcessID='4' ThreadID='1192'/><Channel>Security</Channel><Computer>DESKTOP-RW05</Computer><Security UserID='S-1-5-18'/></System><EventData><Data Name="SubjectUserSid">S-1-5-18</Data><Data Name="SubjectUserName">DESKTOP-RW05$</Data><Data Name="SubjectDomainName">WORKGROUP</Data><Data Name="SubjectLogonId">0x3e7</Data><Data Name="TargetUserSid">S-1-5-18</Data><Data Name="TargetUserName">SYSTEM</Data><Data Name="TargetDomainName">NT AUTHORITY</Data><Data Name="TargetLogonId">0x4f1c2</Data><Data Name="LogonType">5</Data><Data Name="LogonProcessName">Advapi</Data><Data Name="AuthenticationPackageName">Negotiate</Data><Data Name="WorkstationName">DESKTOP-RW05</Data><Data Name="ProcessId">0x5d4</Data><Data Name="ProcessName">C:\Windows\System32\svchost.exe</Data><Data Name="IpAddress">-</Data><Data Name="IpPort">0</Data></EventData></Event>
<Event xmlns='http://schemas.microsoft.com/win/2004/08/events/event'><System><Provider Name='Microsoft-Windows-Security-Auditing' Guid='{54849625-5478-4994-a5ba-3e3b0328c30d}'/><EventID>4624</EventID><Version>5</Version><Level>0</Level><Task>0</Task><Opcode>0</Opcode><Keywords>0x8000000000000000</Keywords><TimeCreated SystemTime='2026-09-29T10:50:00.0030000Z'/><EventRecordID>902330</EventRecordID><Correlation/><Execution ProcessID='4' ThreadID='1192'/><Channel>Security</Channel><Computer>DESKTOP-RW05</Computer><Security UserID='S-1-5-18'/></System><EventData><Data Name="SubjectUserSid">S-1-5-18</Data><Data Name="SubjectUserName">DESKTOP-RW05$</Data><Data Name="SubjectDomainName">WORKGROUP</Data><Data Name="SubjectLogonId">0x3e7</Data><Data Name="TargetUserSid">S-1-5-18</Data><Data Name="TargetUserName">SYSTEM</Data><Data Name="TargetDomainName">NT AUTHORITY</Data><Data Name="TargetLogonId">0x4f1c2</Data><Data Name="LogonType">5</Data><Data Name="LogonProcessName">Advapi</Data><Data Name="AuthenticationPackageName">Negotiate</Data><Data Name="WorkstationName">DESKTOP-RW05</Data><Data Name="ProcessId">0x5d4</Data><Data Name="ProcessName">C:\Windows\System32\svchost.exe</Data><Data Name="IpAddress">-</Data><Data Name="IpPort">0</Data></EventData></Event>
<Event xmlns='http://schemas.microsoft.com/win/2004/08/events/event'><System><Provider Name='Microsoft-Windows-Security-Auditing' Guid='{54849625-5478-4994-a5ba-3e3b0328c30d}'/><EventID>4624</EventID><Version>5</Version><Level>0</Level><Task>0</Task><Opcode>0</Opcode><Keywords>0x8000000000000000</Keywords><TimeCreated SystemTime='2026-09-29T11:00:00.0030000Z'/><EventRecordID>902331</EventRecordID><Correlation/><Execution ProcessID='4' ThreadID='1192'/><Channel>Security</Channel><Computer>DESKTOP-RW05</Computer><Security UserID='S-1-5-18'/></System><EventData><Data Name="SubjectUserSid">S-1-5-18</Data><Data Name="SubjectUserName">DESKTOP-RW05$</Data><Data Name="SubjectDomainName">WORKGROUP</Data><Data Name="SubjectLogonId">0x3e7</Data><Data Name="TargetUserSid">S-1-5-18</Data><Data Name="TargetUserName">SYSTEM</Data><Data Name="TargetDomainName">NT AUTHORITY</Data><Data Name="TargetLogonId">0x4f1c2</Data><Data Name="LogonType">5</Data><Data Name="LogonProcessName">Advapi</Data><Data Name="AuthenticationPackageName">Negotiate</Data><Data Name="WorkstationName">DESKTOP-RW05</Data><Data Name="ProcessId">0x5d4</Data><Data Name="ProcessName">C:\Windows\System32\svchost.exe</Data><Data Name="IpAddress">-</Data><Data Name="IpPort">0</Data></EventData></Event>
<Event xmlns='http://schemas.microsoft.com/win/2004/08/events/event'><System><Provider Name='Microsoft-Windows-Security-Auditing' Guid='{54849625-5478-4994-a5ba-3e3b0328c30d}'/><EventID>4672</EventID><Version>5</Version><Level>0</Level><Task>0</Task><Opcode>0</Opcode><Keywords>0x8000000000000000</Keywords><TimeCreated SystemTime='2026-09-29T11:00:00.0050000Z'/><EventRecordID>902332</EventRecordID><Correlation/><Execution ProcessID='4' ThreadID='1192'/><Channel>Security</Channel><Computer>DESKTOP-RW05</Computer><Security UserID='S-1-5-18'/></System><EventData><Data Name="SubjectUserSid">S-1-5-18</Data><Data Name="SubjectUserName">SYSTEM</Data><Data Name="SubjectDomainName">NT AUTHORITY</Data><Data Name="SubjectLogonId">0x3e7</Data><Data Name="PrivilegeList">SeAssignPrimaryTokenPrivilege
			SeTcbPrivilege</Data></EventData></Event>
<Event xmlns='http://schemas.microsoft.com/win/2004/08/events/event'><System><Provider Name='Microsoft-Windows-Security-Auditing' Guid='{54849625-5478-4994-a5ba-3e3b0328c30d}'/><EventID>4624</EventID><Version>5</Version><Level>0</Level><Task>0</Task><Opcode>0</Opcode><Keywords>0x8000000000000000</Keywords><TimeCreated SystemTime='2026-09-29T11:10:00.0030000Z'/><EventRecordID>902333</EventRecordID><Correlation/><Execution ProcessID='4' ThreadID='1192'/><Channel>Security</Channel><Computer>DESKTOP-RW05</Computer><Security UserID='S-1-5-18'/></System><EventData><Data Name="SubjectUserSid">S-1-5-18</Data><Data Name="SubjectUserName">DESKTOP-RW05$</Data><Data Name="SubjectDomainName">WORKGROUP</Data><Data Name="SubjectLogonId">0x3e7</Data><Data Name="TargetUserSid">S-1-5-18</Data><Data Name="TargetUserName">SYSTEM</Data><Data Name="TargetDomainName">NT AUTHORITY</Data><Data Name="TargetLogonId">0x4f1c2</Data><Data Name="LogonType">5</Data><Data Name="LogonProcessName">Advapi</Data><Data Name="AuthenticationPackageName">Negotiate</Data><Data Name="WorkstationName">DESKTOP-RW05</Data><Data Name="ProcessId">0x5d4</Data><Data Name="ProcessName">C:\Windows\System32\svchost.exe</Data><Data Name="IpAddress">-</Data><Data Name="IpPort">0</Data></EventData></Event>
<Event xmlns='http://schemas.microsoft.com/win/2004/08/events/event'><System><Provider Name='Microsoft-Windows-Security-Auditing' Guid='{54849625-5478-4994-a5ba-3e3b0328c30d}'/><EventID>4624</EventID><Version>5</Version><Level>0</Level><Task>0</Task><Opcode>0</Opcode><Keywords>0x8000000000000000</Keywords><TimeCreated SystemTime='2026-09-29T11:20:00.0030000Z'/><EventRecordID>902334</EventRecordID><Correlation/><Execution ProcessID='4' ThreadID='1192'/><Channel>Security</Channel><Computer>DESKTOP-RW05</Computer><Security UserID='S-1-5-18'/></System><EventData><Data Name="SubjectUserSid">S-1-5-18</Data><Data Name="SubjectUserName">DESKTOP-RW05$</Data><Data Name="SubjectDomainName">WORKGROUP</Data><Data Name="SubjectLogonId">0x3e7</Data><Data Name="TargetUserSid">S-1-5-18</Data><Data Name="TargetUserName">SYSTEM</Data><Data Name="TargetDomainName">NT AUTHORITY</Data><Data Name="TargetLogonId">0x4f1c2</Data><Data Name="LogonType">5</Data><Data Name="LogonProcessName">Advapi</Data><Data Name="AuthenticationPackageName">Negotiate</Data><Data Name="WorkstationName">DESKTOP-RW05</Data><Data Name="ProcessId">0x5d4</Data><Data Name="ProcessName">C:\Windows\System32\svchost.exe</Data><Data Name="IpAddress">-</Data><Data Name="IpPort">0</Data></EventData></Event>
<Event xmlns='http://schemas.microsoft.com/win/2004/08/events/event'><System><Provider Name='Microsoft-Windows-Security-Auditing' Guid='{54849625-5478-4994-a5ba-3e3b0328c30d}'/><EventID>4624</EventID><Version>5</Version><Level>0</Level><Task>0</Task><Opcode>0</Opcode><Keywords>0x8000000000000000</Keywords><TimeCreated SystemTime='2026-09-29T11:30:00.0030000Z'/><EventRecordID>902335</EventRecordID><Correlation/><Execution ProcessID='4' ThreadID='1192'/><Channel>Security</Channel><Computer>DESKTOP-RW05</Computer><Security UserID='S-1-5-18'/></System><EventData><Data Name="SubjectUserSid">S-1-5-18</Data><Data Name="SubjectUserName">DESKTOP-RW05$</Data><Data Name="SubjectDomainName">WORKGROUP</Data><Data Name="SubjectLogonId">0x3e7</Data><Data Name="TargetUserSid">S-1-5-18</Data><Data Name="TargetUserName">SYSTEM</Data><Data Name="TargetDomainName">NT AUTHORITY</Data><Data Name="TargetLogonId">0x4f1c2</Data><Data Name="LogonType">5</Data><Data Name="LogonProcessName">Advapi</Data><Data Name="AuthenticationPackageName">Negotiate</Data><Data Name="WorkstationName">DESKTOP-RW05</Data><Data Name="ProcessId">0x5d4</Data><Data Name="ProcessName">C:\Windows\System32\svchost.exe</Data><Data Name="IpAddress">-</Data><Data Name="IpPort">0</Data></EventData></Event>
<Event xmlns='http://schemas.microsoft.com/win/2004/08/events/event'><System><Provider Name='Microsoft-Windows-Security-Auditing' Guid='{54849625-5478-4994-a5ba-3e3b0328c30d}'/><EventID>4624</EventID><Version>5</Version><Level>0</Level><Task>0</Task><Opcode>0</Opcode><Keywords>0x8000000000000000</Keywords><TimeCreated SystemTime='2026-09-29T11:40:00.0030000Z'/><EventRecordID>902336</EventRecordID><Correlation/><Execution ProcessID='4' ThreadID='1192'/><Channel>Security</Channel><Computer>DESKTOP-RW05</Computer><Security UserID='S-1-5-18'/></System><EventData><Data Name="SubjectUserSid">S-1-5-18</Data><Data Name="SubjectUserName">DESKTOP-RW05$</Data><Data Name="SubjectDomainName">WORKGROUP</Data><Data Name="SubjectLogonId">0x3e7</Data><Data Name="TargetUserSid">S-1-5-18</Data><Data Name="TargetUserName">SYSTEM</Data><Data Name="TargetDomainName">NT AUTHORITY</Data><Data Name="TargetLogonId">0x4f1c2</Data><Data Name="LogonType">5</Data><Data Name="LogonProcessName">Advapi</Data><Data Name="AuthenticationPackageName">Negotiate</Data><Data Name="WorkstationName">DESKTOP-RW05</Data><Data Name="ProcessId">0x5d4</Data><Data Name="ProcessName">C:\Windows\System32\svchost.exe</Data><Data Name="IpAddress">-</Data><Data Name="IpPort">0</Data></EventData></Event>
<Event xmlns='http://schemas.microsoft.com/win/2004/08/events/event'><System><Provider Name='Microsoft-Windows-Security-Auditing' Guid='{54849625-5478-4994-a5ba-3e3b0328c30d}'/><EventID>4624</EventID><Version>5</Version><Level>0</Level><Task>0</Task><Opcode>0</Opcode><Keywords>0x8000000000000000</Keywords><TimeCreated SystemTime='2026-09-29T11:50:00.0030000Z'/><EventRecordID>902337</EventRecordID><Correlation/><Execution ProcessID='4' ThreadID='1192'/><Channel>Security</Channel><Computer>DESKTOP-RW05</Computer><Security UserID='S-1-5-18'/></System><EventData><Data Name="SubjectUserSid">S-1-5-18</Data><Data Name="SubjectUserName">DESKTOP-RW05$</Data><Data Name="SubjectDomainName">WORKGROUP</Data><Data Name="SubjectLogonId">0x3e7</Data><Data Name="TargetUserSid">S-1-5-18</Data><Data Name="TargetUserName">SYSTEM</Data><Data Name="TargetDomainName">NT AUTHORITY</Data><Data Name="TargetLogonId">0x4f1c2</Data><Data Name="LogonType">5</Data><Data Name="LogonProcessName">Advapi</Data><Data Name="AuthenticationPackageName">Negotiate</Data><Data Name="WorkstationName">DESKTOP-RW05</Data><Data Name="ProcessId">0x5d4</Data><Data Name="ProcessName">C:\Windows\System32\svchost.exe</Data><Data Name="IpAddress">-</Data><Data Name="IpPort">0</Data></EventData></Event>
<Event xmlns='http://schemas.microsoft.com/win/2004/08/events/event'><System><Provider Name='Microsoft-Windows-Security-Auditing' Guid='{54849625-5478-4994-a5ba-3e3b0328c30d}'/><EventID>4688</EventID><Version>5</Version><Level>4</Level><Task>0</Task><Opcode>0</Opcode><Keywords>0x8000000000000000</Keywords><TimeCreated SystemTime='2026-09-29T10:41:00.0040000Z'/><EventRecordID>902338</EventRecordID><Correlation/><Execution ProcessID='4' ThreadID='1192'/><Channel>Security</Channel><Computer>DESKTOP-RW05</Computer><Security UserID='S-1-5-18'/></System><EventData><Data Name="SubjectUserSid">S-1-5-21-1-2-3-1001</Data><Data Name="SubjectUserName">rwtest</Data><Data Name="SubjectDomainName">DESKTOP-RW05</Data><Data Name="SubjectLogonId">0x3e1a2</Data><Data Name="NewProcessId">0x113c</Data><Data Name="NewProcessName">C:\Windows\System32\WindowsPowerShell\v1.0\powershell.exe</Data><Data Name="TokenElevationType">%%1938</Data><Data Name="ProcessId">0x1394</Data><Data Name="CommandLine">powershell.exe -NoProfile -WindowStyle Hidden -EncodedCommand VwByAGkAdABlAC0ATwB1AHQAcAB1AHQAIAAnAFIAVwAtADAANQAgAHMAbwBjAC0AaQBuAHYAZQBzAHQAaQBnAGEAdABvAHIAIAB2AGEAbABpAGQAYQB0AGkAbwBuACcAOwAgAEkAbgB2AG8AawBlAC0AVwBlAGIAUgBlAHEAdQBlAHMAdAAgAC0AVQBzAGUAQgBhAHMAaQBjAFAAYQByAHMAaQBuAGcAIAAtAFUAcgBpACAAaAB0AHQAcABzADoALwAvAGUAeABhAG0AcABsAGUALgBjAG8AbQAvACAAfAAgAE8AdQB0AC0ATgB1AGwAbAA=</Data><Data Name="TargetUserSid">S-1-0-0</Data><Data Name="TargetUserName">-</Data><Data Name="TargetDomainName">-</Data><Data Name="TargetLogonId">0x0</Data><Data Name="ParentProcessName">C:\Windows\explorer.exe</Data><Data Name="MandatoryLabel">S-1-16-8192</Data></EventData></Event>
</Events>
