[
  {
    "id": "INC004-0001",
    "timestamp": "2026-09-29T03:11:02.000Z",
    "agent": {
      "id": "001",
      "name": "DC-01",
      "ip": "10.20.5.11"
    },
    "rule": {
      "id": "60122",
      "level": 5,
      "description": "Logon failure - unknown user or bad password"
    },
    "data": {
      "win": {
        "system": {
          "providerName": "Microsoft-Windows-Security-Auditing",
          "eventID": "4625",
          "channel": "Security",
          "computer": "DC-01"
        },
        "eventdata": {
          "targetUserName": "administrator",
          "targetDomainName": "CORP",
          "ipAddress": "45.155.205.233",
          "ipPort": "40001",
          "logonType": "3",
          "status": "0xc000006d",
          "subStatus": "0xc000006a",
          "workstationName": "KALI"
        }
      }
    }
  },
  {
    "id": "INC004-0002",
    "timestamp": "2026-09-29T03:11:09.000Z",
    "agent": {
      "id": "001",
      "name": "DC-01",
      "ip": "10.20.5.11"
    },
    "rule": {
      "id": "60122",
      "level": 5,
      "description": "Logon failure - unknown user or bad password"
    },
    "data": {
      "win": {
        "system": {
          "providerName": "Microsoft-Windows-Security-Auditing",
          "eventID": "4625",
          "channel": "Security",
          "computer": "DC-01"
        },
        "eventdata": {
          "targetUserName": "administrator",
          "targetDomainName": "CORP",
          "ipAddress": "45.155.205.233",
          "ipPort": "40002",
          "logonType": "3",
          "status": "0xc000006d",
          "subStatus": "0xc000006a",
          "workstationName": "KALI"
        }
      }
    }
  },
  {
    "id": "INC004-0003",
    "timestamp": "2026-09-29T03:11:15.000Z",
    "agent": {
      "id": "001",
      "name": "DC-01",
      "ip": "10.20.5.11"
    },
    "rule": {
      "id": "60122",
      "level": 5,
      "description": "Logon failure - unknown user or bad password"
    },
    "data": {
      "win": {
        "system": {
          "providerName": "Microsoft-Windows-Security-Auditing",
          "eventID": "4625",
          "channel": "Security",
          "computer": "DC-01"
        },
        "eventdata": {
          "targetUserName": "administrator",
          "targetDomainName": "CORP",
          "ipAddress": "45.155.205.233",
          "ipPort": "40003",
          "logonType": "3",
          "status": "0xc000006d",
          "subStatus": "0xc000006a",
          "workstationName": "KALI"
        }
      }
    }
  },
  {
    "id": "INC004-0004",
    "timestamp": "2026-09-29T03:11:22.000Z",
    "agent": {
      "id": "001",
      "name": "DC-01",
      "ip": "10.20.5.11"
    },
    "rule": {
      "id": "60122",
      "level": 5,
      "description": "Logon failure - unknown user or bad password"
    },
    "data": {
      "win": {
        "system": {
          "providerName": "Microsoft-Windows-Security-Auditing",
          "eventID": "4625",
          "channel": "Security",
          "computer": "DC-01"
        },
        "eventdata": {
          "targetUserName": "administrator",
          "targetDomainName": "CORP",
          "ipAddress": "45.155.205.233",
          "ipPort": "40004",
          "logonType": "3",
          "status": "0xc000006d",
          "subStatus": "0xc000006a",
          "workstationName": "KALI"
        }
      }
    }
  },
  {
    "id": "INC004-0005",
    "timestamp": "2026-09-29T03:11:31.000Z",
    "agent": {
      "id": "001",
      "name": "DC-01",
      "ip": "10.20.5.11"
    },
    "rule": {
      "id": "60122",
      "level": 5,
      "description": "Logon failure - unknown user or bad password"
    },
    "data": {
      "win": {
        "system": {
          "providerName": "Microsoft-Windows-Security-Auditing",
          "eventID": "4625",
          "channel": "Security",
          "computer": "DC-01"
        },
        "eventdata": {
          "targetUserName": "administrator",
          "targetDomainName": "CORP",
          "ipAddress": "45.155.205.233",
          "ipPort": "40005",
          "logonType": "3",
          "status": "0xc000006d",
          "subStatus": "0xc000006a",
          "workstationName": "KALI"
        }
      }
    }
  },
  {
    "id": "INC004-0006",
    "timestamp": "2026-09-29T03:11:40.000Z",
    "agent": {
      "id": "001",
      "name": "DC-01",
      "ip": "10.20.5.11"
    },
    "rule": {
      "id": "60122",
      "level": 5,
      "description": "Logon failure - unknown user or bad password"
    },
    "data": {
      "win": {
        "system": {
          "providerName": "Microsoft-Windows-Security-Auditing",
          "eventID": "4625",
          "channel": "Security",
          "computer": "DC-01"
        },
        "eventdata": {
          "targetUserName": "administrator",
          "targetDomainName": "CORP",
          "ipAddress": "45.155.205.233",
          "ipPort": "40006",
          "logonType": "3",
          "status": "0xc000006d",
          "subStatus": "0xc000006a",
          "workstationName": "KALI"
        }
      }
    }
  },
  {
    "id": "INC004-0007",
    "timestamp": "2026-09-29T03:11:48.000Z",
    "agent": {
      "id": "001",
      "name": "DC-01",
      "ip": "10.20.5.11"
    },
    "rule": {
      "id": "60122",
      "level": 5,
      "description": "Logon failure - unknown user or bad password"
    },
    "data": {
      "win": {
        "system": {
          "providerName": "Microsoft-Windows-Security-Auditing",
          "eventID": "4625",
          "channel": "Security",
          "computer": "DC-01"
        },
        "eventdata": {
          "targetUserName": "administrator",
          "targetDomainName": "CORP",
          "ipAddress": "45.155.205.233",
          "ipPort": "40007",
          "logonType": "3",
          "status": "0xc000006d",
          "subStatus": "0xc000006a",
          "workstationName": "KALI"
        }
      }
    }
  },
  {
    "id": "INC004-0008",
    "timestamp": "2026-09-29T03:11:55.000Z",
    "agent": {
      "id": "001",
      "name": "DC-01",
      "ip": "10.20.5.11"
    },
    "rule": {
      "id": "60122",
      "level": 5,
      "description": "Logon failure - unknown user or bad password"
    },
    "data": {
      "win": {
        "system": {
          "providerName": "Microsoft-Windows-Security-Auditing",
          "eventID": "4625",
          "channel": "Security",
          "computer": "DC-01"
        },
        "eventdata": {
          "targetUserName": "administrator",
          "targetDomainName": "CORP",
          "ipAddress": "45.155.205.233",
          "ipPort": "40008",
          "logonType": "3",
          "status": "0xc000006d",
          "subStatus": "0xc000006a",
          "workstationName": "KALI"
        }
      }
    }
  },
  {
    "id": "INC004-0009",
    "timestamp": "2026-09-29T03:12:05.000Z",
    "agent": {
      "id": "001",
      "name": "DC-01",
      "ip": "10.20.5.11"
    },
    "rule": {
      "id": "60106",
      "level": 3,
      "description": "Logon success"
    },
    "data": {
      "win": {
        "system": {
          "providerName": "Microsoft-Windows-Security-Auditing",
          "eventID": "4624",
          "channel": "Security",
          "computer": "DC-01"
        },
        "eventdata": {
          "targetUserName": "administrator",
          "targetDomainName": "CORP",
          "ipAddress": "45.155.205.233",
          "logonType": "3",
          "authenticationPackageName": "NTLM",
          "workstationName": "KALI"
        }
      }
    }
  },
  {
    "id": "INC004-0010",
    "timestamp": "2026-09-29T01:00:00.000Z",
    "agent": {
      "id": "001",
      "name": "DC-01",
      "ip": "10.20.5.11"
    },
    "rule": {
      "id": "60106",
      "level": 3,
      "description": "Logon success"
    },
    "data": {
      "win": {
        "system": {
          "providerName": "Microsoft-Windows-Security-Auditing",
          "eventID": "4624",
          "channel": "Security",
          "computer": "DC-01"
        },
        "eventdata": {
          "targetUserName": "svc-monitor",
          "targetDomainName": "CORP",
          "ipAddress": "10.20.5.9",
          "logonType": "3",
          "authenticationPackageName": "Kerberos"
        }
      }
    }
  }
]